{"D:\\my stuff\\publish to gethup\\Health.AI\\backend\\src\\controllers\\chat.controller.js": {"path":"D:\\my stuff\\publish to gethup\\Health.AI\\backend\\src\\controllers\\chat.controller.js","statementMap":{"0":{"start":{"line":1,"column":21},"end":{"line":1,"column":54}},"1":{"start":{"line":2,"column":35},"end":{"line":2,"column":64}},"2":{"start":{"line":5,"column":13},"end":{"line":5,"column":17}},"3":{"start":{"line":6,"column":0},"end":{"line":12,"column":50}},"4":{"start":{"line":7,"column":17},"end":{"line":7,"column":34}},"5":{"start":{"line":8,"column":2},"end":{"line":11,"column":3}},"6":{"start":{"line":9,"column":4},"end":{"line":9,"column":64}},"7":{"start":{"line":10,"column":4},"end":{"line":10,"column":45}},"8":{"start":{"line":15,"column":48},"end":{"line":15,"column":99}},"9":{"start":{"line":18,"column":31},"end":{"line":20,"column":18}},"10":{"start":{"line":22,"column":19},"end":{"line":29,"column":3}},"11":{"start":{"line":24,"column":47},"end":{"line":27,"column":5}},"12":{"start":{"line":30,"column":21},"end":{"line":35,"column":4}},"13":{"start":{"line":36,"column":2},"end":{"line":40,"column":4}},"14":{"start":{"line":43,"column":22},"end":{"line":65,"column":1}},"15":{"start":{"line":68,"column":0},"end":{"line":77,"column":2}},"16":{"start":{"line":69,"column":2},"end":{"line":76,"column":3}},"17":{"start":{"line":70,"column":18},"end":{"line":72,"column":30}},"18":{"start":{"line":73,"column":4},"end":{"line":73,"column":20}},"19":{"start":{"line":75,"column":4},"end":{"line":75,"column":51}},"20":{"start":{"line":80,"column":0},"end":{"line":92,"column":2}},"21":{"start":{"line":81,"column":2},"end":{"line":91,"column":3}},"22":{"start":{"line":82,"column":17},"end":{"line":87,"column":6}},"23":{"start":{"line":88,"column":4},"end":{"line":88,"column":31}},"24":{"start":{"line":90,"column":4},"end":{"line":90,"column":51}},"25":{"start":{"line":95,"column":0},"end":{"line":103,"column":2}},"26":{"start":{"line":96,"column":2},"end":{"line":102,"column":3}},"27":{"start":{"line":97,"column":17},"end":{"line":97,"column":88}},"28":{"start":{"line":98,"column":4},"end":{"line":98,"column":82}},"29":{"start":{"line":98,"column":15},"end":{"line":98,"column":82}},"30":{"start":{"line":99,"column":4},"end":{"line":99,"column":19}},"31":{"start":{"line":101,"column":4},"end":{"line":101,"column":51}},"32":{"start":{"line":106,"column":0},"end":{"line":194,"column":2}},"33":{"start":{"line":107,"column":2},"end":{"line":193,"column":3}},"34":{"start":{"line":108,"column":45},"end":{"line":108,"column":53}},"35":{"start":{"line":109,"column":4},"end":{"line":109,"column":98}},"36":{"start":{"line":109,"column":26},"end":{"line":109,"column":98}},"37":{"start":{"line":111,"column":17},"end":{"line":111,"column":88}},"38":{"start":{"line":112,"column":4},"end":{"line":112,"column":82}},"39":{"start":{"line":112,"column":15},"end":{"line":112,"column":82}},"40":{"start":{"line":114,"column":20},"end":{"line":114,"column":68}},"41":{"start":{"line":115,"column":4},"end":{"line":115,"column":32}},"42":{"start":{"line":117,"column":4},"end":{"line":119,"column":5}},"43":{"start":{"line":118,"column":6},"end":{"line":118,"column":81}},"44":{"start":{"line":122,"column":18},"end":{"line":122,"column":39}},"45":{"start":{"line":123,"column":27},"end":{"line":128,"column":5}},"46":{"start":{"line":129,"column":4},"end":{"line":138,"column":5}},"47":{"start":{"line":129,"column":33},"end":{"line":129,"column":50}},"48":{"start":{"line":130,"column":21},"end":{"line":134,"column":7}},"49":{"start":{"line":135,"column":6},"end":{"line":135,"column":33}},"50":{"start":{"line":136,"column":6},"end":{"line":136,"column":24}},"51":{"start":{"line":137,"column":6},"end":{"line":137,"column":68}},"52":{"start":{"line":141,"column":29},"end":{"line":141,"column":31}},"53":{"start":{"line":142,"column":4},"end":{"line":153,"column":5}},"54":{"start":{"line":143,"column":6},"end":{"line":152,"column":7}},"55":{"start":{"line":144,"column":60},"end":{"line":144,"column":100}},"56":{"start":{"line":145,"column":31},"end":{"line":145,"column":87}},"57":{"start":{"line":148,"column":8},"end":{"line":148,"column":587}},"58":{"start":{"line":148,"column":503},"end":{"line":148,"column":546}},"59":{"start":{"line":150,"column":8},"end":{"line":150,"column":68}},"60":{"start":{"line":157,"column":4},"end":{"line":184,"column":5}},"61":{"start":{"line":158,"column":6},"end":{"line":180,"column":7}},"62":{"start":{"line":159,"column":26},"end":{"line":159,"column":118}},"63":{"start":{"line":160,"column":8},"end":{"line":160,"column":36}},"64":{"start":{"line":163,"column":8},"end":{"line":167,"column":9}},"65":{"start":{"line":166,"column":10},"end":{"line":166,"column":238}},"66":{"start":{"line":170,"column":8},"end":{"line":174,"column":9}},"67":{"start":{"line":173,"column":10},"end":{"line":173,"column":206}},"68":{"start":{"line":177,"column":8},"end":{"line":177,"column":54}},"69":{"start":{"line":178,"column":26},"end":{"line":178,"column":77}},"70":{"start":{"line":179,"column":8},"end":{"line":179,"column":77}},"71":{"start":{"line":182,"column":24},"end":{"line":182,"column":75}},"72":{"start":{"line":183,"column":6},"end":{"line":183,"column":75}},"73":{"start":{"line":186,"column":19},"end":{"line":186,"column":78}},"74":{"start":{"line":187,"column":4},"end":{"line":187,"column":31}},"75":{"start":{"line":188,"column":4},"end":{"line":188,"column":22}},"76":{"start":{"line":190,"column":4},"end":{"line":190,"column":59}},"77":{"start":{"line":192,"column":4},"end":{"line":192,"column":51}},"78":{"start":{"line":197,"column":0},"end":{"line":204,"column":2}},"79":{"start":{"line":198,"column":2},"end":{"line":203,"column":3}},"80":{"start":{"line":199,"column":4},"end":{"line":199,"column":85}},"81":{"start":{"line":200,"column":4},"end":{"line":200,"column":50}},"82":{"start":{"line":202,"column":4},"end":{"line":202,"column":51}},"83":{"start":{"line":207,"column":0},"end":{"line":232,"column":2}},"84":{"start":{"line":208,"column":2},"end":{"line":231,"column":3}},"85":{"start":{"line":209,"column":26},"end":{"line":209,"column":61}},"86":{"start":{"line":210,"column":26},"end":{"line":210,"column":63}},"87":{"start":{"line":211,"column":26},"end":{"line":211,"column":40}},"88":{"start":{"line":212,"column":26},"end":{"line":212,"column":79}},"89":{"start":{"line":213,"column":26},"end":{"line":213,"column":77}},"90":{"start":{"line":213,"column":52},"end":{"line":213,"column":73}},"91":{"start":{"line":214,"column":26},"end":{"line":214,"column":96}},"92":{"start":{"line":214,"column":59},"end":{"line":214,"column":95}},"93":{"start":{"line":217,"column":23},"end":{"line":217,"column":25}},"94":{"start":{"line":218,"column":4},"end":{"line":221,"column":7}},"95":{"start":{"line":219,"column":19},"end":{"line":219,"column":37}},"96":{"start":{"line":220,"column":6},"end":{"line":220,"column":53}},"97":{"start":{"line":222,"column":22},"end":{"line":222,"column":67}},"98":{"start":{"line":223,"column":22},"end":{"line":226,"column":7}},"99":{"start":{"line":223,"column":73},"end":{"line":226,"column":5}},"100":{"start":{"line":228,"column":4},"end":{"line":228,"column":123}},"101":{"start":{"line":230,"column":4},"end":{"line":230,"column":51}},"102":{"start":{"line":235,"column":0},"end":{"line":251,"column":2}},"103":{"start":{"line":236,"column":2},"end":{"line":250,"column":3}},"104":{"start":{"line":237,"column":32},"end":{"line":237,"column":72}},"105":{"start":{"line":238,"column":18},"end":{"line":238,"column":35}},"106":{"start":{"line":239,"column":4},"end":{"line":239,"column":43}},"107":{"start":{"line":239,"column":23},"end":{"line":239,"column":43}},"108":{"start":{"line":240,"column":20},"end":{"line":240,"column":45}},"109":{"start":{"line":241,"column":4},"end":{"line":247,"column":9}},"110":{"start":{"line":241,"column":31},"end":{"line":247,"column":5}},"111":{"start":{"line":249,"column":4},"end":{"line":249,"column":51}}},"fnMap":{"0":{"name":"getRAGResponse","decl":{"start":{"line":14,"column":15},"end":{"line":14,"column":29}},"loc":{"start":{"line":14,"column":95},"end":{"line":41,"column":1}},"line":14},"1":{"name":"(anonymous_1)","decl":{"start":{"line":24,"column":41},"end":{"line":24,"column":42}},"loc":{"start":{"line":24,"column":47},"end":{"line":27,"column":5}},"line":24},"2":{"name":"(anonymous_2)","decl":{"start":{"line":68,"column":27},"end":{"line":68,"column":28}},"loc":{"start":{"line":68,"column":47},"end":{"line":77,"column":1}},"line":68},"3":{"name":"(anonymous_3)","decl":{"start":{"line":80,"column":29},"end":{"line":80,"column":30}},"loc":{"start":{"line":80,"column":49},"end":{"line":92,"column":1}},"line":80},"4":{"name":"(anonymous_4)","decl":{"start":{"line":95,"column":26},"end":{"line":95,"column":27}},"loc":{"start":{"line":95,"column":46},"end":{"line":103,"column":1}},"line":95},"5":{"name":"(anonymous_5)","decl":{"start":{"line":106,"column":22},"end":{"line":106,"column":23}},"loc":{"start":{"line":106,"column":42},"end":{"line":194,"column":1}},"line":106},"6":{"name":"(anonymous_6)","decl":{"start":{"line":129,"column":28},"end":{"line":129,"column":29}},"loc":{"start":{"line":129,"column":33},"end":{"line":129,"column":50}},"line":129},"7":{"name":"(anonymous_7)","decl":{"start":{"line":148,"column":498},"end":{"line":148,"column":499}},"loc":{"start":{"line":148,"column":503},"end":{"line":148,"column":546}},"line":148},"8":{"name":"(anonymous_8)","decl":{"start":{"line":197,"column":29},"end":{"line":197,"column":30}},"loc":{"start":{"line":197,"column":49},"end":{"line":204,"column":1}},"line":197},"9":{"name":"(anonymous_9)","decl":{"start":{"line":207,"column":23},"end":{"line":207,"column":24}},"loc":{"start":{"line":207,"column":43},"end":{"line":232,"column":1}},"line":207},"10":{"name":"(anonymous_10)","decl":{"start":{"line":213,"column":42},"end":{"line":213,"column":43}},"loc":{"start":{"line":213,"column":52},"end":{"line":213,"column":73}},"line":213},"11":{"name":"(anonymous_11)","decl":{"start":{"line":214,"column":53},"end":{"line":214,"column":54}},"loc":{"start":{"line":214,"column":59},"end":{"line":214,"column":95}},"line":214},"12":{"name":"(anonymous_12)","decl":{"start":{"line":218,"column":21},"end":{"line":218,"column":22}},"loc":{"start":{"line":218,"column":26},"end":{"line":221,"column":5}},"line":218},"13":{"name":"(anonymous_13)","decl":{"start":{"line":223,"column":53},"end":{"line":223,"column":54}},"loc":{"start":{"line":223,"column":73},"end":{"line":226,"column":5}},"line":223},"14":{"name":"(anonymous_14)","decl":{"start":{"line":235,"column":26},"end":{"line":235,"column":27}},"loc":{"start":{"line":235,"column":40},"end":{"line":251,"column":1}},"line":235},"15":{"name":"(anonymous_15)","decl":{"start":{"line":241,"column":25},"end":{"line":241,"column":26}},"loc":{"start":{"line":241,"column":31},"end":{"line":247,"column":5}},"line":241}},"branchMap":{"0":{"loc":{"start":{"line":8,"column":2},"end":{"line":11,"column":3}},"type":"if","locations":[{"start":{"line":8,"column":2},"end":{"line":11,"column":3}},{"start":{},"end":{}}],"line":8},"1":{"loc":{"start":{"line":8,"column":6},"end":{"line":8,"column":87}},"type":"binary-expr","locations":[{"start":{"line":8,"column":6},"end":{"line":8,"column":32}},{"start":{"line":8,"column":36},"end":{"line":8,"column":87}}],"line":8},"2":{"loc":{"start":{"line":14,"column":74},"end":{"line":14,"column":93}},"type":"default-arg","locations":[{"start":{"line":14,"column":91},"end":{"line":14,"column":93}}],"line":14},"3":{"loc":{"start":{"line":18,"column":31},"end":{"line":20,"column":18}},"type":"cond-expr","locations":[{"start":{"line":19,"column":6},"end":{"line":19,"column":35}},{"start":{"line":20,"column":6},"end":{"line":20,"column":18}}],"line":18},"4":{"loc":{"start":{"line":25,"column":12},"end":{"line":25,"column":51}},"type":"cond-expr","locations":[{"start":{"line":25,"column":31},"end":{"line":25,"column":42}},{"start":{"line":25,"column":45},"end":{"line":25,"column":51}}],"line":25},"5":{"loc":{"start":{"line":84,"column":16},"end":{"line":84,"column":52}},"type":"binary-expr","locations":[{"start":{"line":84,"column":16},"end":{"line":84,"column":30}},{"start":{"line":84,"column":34},"end":{"line":84,"column":52}}],"line":84},"6":{"loc":{"start":{"line":85,"column":16},"end":{"line":85,"column":41}},"type":"binary-expr","locations":[{"start":{"line":85,"column":16},"end":{"line":85,"column":33}},{"start":{"line":85,"column":37},"end":{"line":85,"column":41}}],"line":85},"7":{"loc":{"start":{"line":98,"column":4},"end":{"line":98,"column":82}},"type":"if","locations":[{"start":{"line":98,"column":4},"end":{"line":98,"column":82}},{"start":{},"end":{}}],"line":98},"8":{"loc":{"start":{"line":109,"column":4},"end":{"line":109,"column":98}},"type":"if","locations":[{"start":{"line":109,"column":4},"end":{"line":109,"column":98}},{"start":{},"end":{}}],"line":109},"9":{"loc":{"start":{"line":112,"column":4},"end":{"line":112,"column":82}},"type":"if","locations":[{"start":{"line":112,"column":4},"end":{"line":112,"column":82}},{"start":{},"end":{}}],"line":112},"10":{"loc":{"start":{"line":117,"column":4},"end":{"line":119,"column":5}},"type":"if","locations":[{"start":{"line":117,"column":4},"end":{"line":119,"column":5}},{"start":{},"end":{}}],"line":117},"11":{"loc":{"start":{"line":118,"column":47},"end":{"line":118,"column":79}},"type":"cond-expr","locations":[{"start":{"line":118,"column":69},"end":{"line":118,"column":74}},{"start":{"line":118,"column":77},"end":{"line":118,"column":79}}],"line":118},"12":{"loc":{"start":{"line":129,"column":4},"end":{"line":138,"column":5}},"type":"if","locations":[{"start":{"line":129,"column":4},"end":{"line":138,"column":5}},{"start":{},"end":{}}],"line":129},"13":{"loc":{"start":{"line":142,"column":4},"end":{"line":153,"column":5}},"type":"if","locations":[{"start":{"line":142,"column":4},"end":{"line":153,"column":5}},{"start":{},"end":{}}],"line":142},"14":{"loc":{"start":{"line":142,"column":8},"end":{"line":142,"column":60}},"type":"binary-expr","locations":[{"start":{"line":142,"column":8},"end":{"line":142,"column":27}},{"start":{"line":142,"column":31},"end":{"line":142,"column":60}}],"line":142},"15":{"loc":{"start":{"line":157,"column":4},"end":{"line":184,"column":5}},"type":"if","locations":[{"start":{"line":157,"column":4},"end":{"line":184,"column":5}},{"start":{"line":181,"column":11},"end":{"line":184,"column":5}}],"line":157},"16":{"loc":{"start":{"line":163,"column":8},"end":{"line":167,"column":9}},"type":"if","locations":[{"start":{"line":163,"column":8},"end":{"line":167,"column":9}},{"start":{},"end":{}}],"line":163},"17":{"loc":{"start":{"line":163,"column":12},"end":{"line":165,"column":55}},"type":"binary-expr","locations":[{"start":{"line":163,"column":12},"end":{"line":163,"column":58}},{"start":{"line":164,"column":12},"end":{"line":164,"column":56}},{"start":{"line":165,"column":12},"end":{"line":165,"column":55}}],"line":163},"18":{"loc":{"start":{"line":170,"column":8},"end":{"line":174,"column":9}},"type":"if","locations":[{"start":{"line":170,"column":8},"end":{"line":174,"column":9}},{"start":{},"end":{}}],"line":170},"19":{"loc":{"start":{"line":170,"column":12},"end":{"line":172,"column":61}},"type":"binary-expr","locations":[{"start":{"line":170,"column":12},"end":{"line":170,"column":59}},{"start":{"line":171,"column":12},"end":{"line":171,"column":53}},{"start":{"line":172,"column":12},"end":{"line":172,"column":61}}],"line":170},"20":{"loc":{"start":{"line":178,"column":26},"end":{"line":178,"column":77}},"type":"binary-expr","locations":[{"start":{"line":178,"column":26},"end":{"line":178,"column":54}},{"start":{"line":178,"column":58},"end":{"line":178,"column":77}}],"line":178},"21":{"loc":{"start":{"line":182,"column":24},"end":{"line":182,"column":75}},"type":"binary-expr","locations":[{"start":{"line":182,"column":24},"end":{"line":182,"column":52}},{"start":{"line":182,"column":56},"end":{"line":182,"column":75}}],"line":182},"22":{"loc":{"start":{"line":219,"column":19},"end":{"line":219,"column":37}},"type":"binary-expr","locations":[{"start":{"line":219,"column":19},"end":{"line":219,"column":29}},{"start":{"line":219,"column":33},"end":{"line":219,"column":37}}],"line":219},"23":{"loc":{"start":{"line":220,"column":26},"end":{"line":220,"column":47}},"type":"binary-expr","locations":[{"start":{"line":220,"column":26},"end":{"line":220,"column":42}},{"start":{"line":220,"column":46},"end":{"line":220,"column":47}}],"line":220},"24":{"loc":{"start":{"line":224,"column":12},"end":{"line":224,"column":35}},"type":"binary-expr","locations":[{"start":{"line":224,"column":12},"end":{"line":224,"column":27}},{"start":{"line":224,"column":31},"end":{"line":224,"column":35}}],"line":224},"25":{"loc":{"start":{"line":238,"column":18},"end":{"line":238,"column":35}},"type":"binary-expr","locations":[{"start":{"line":238,"column":18},"end":{"line":238,"column":29}},{"start":{"line":238,"column":33},"end":{"line":238,"column":35}}],"line":238},"26":{"loc":{"start":{"line":239,"column":4},"end":{"line":239,"column":43}},"type":"if","locations":[{"start":{"line":239,"column":4},"end":{"line":239,"column":43}},{"start":{},"end":{}}],"line":239}},"s":{"0":1,"1":1,"2":1,"3":1,"4":1,"5":1,"6":0,"7":0,"8":0,"9":0,"10":0,"11":0,"12":0,"13":0,"14":1,"15":1,"16":0,"17":0,"18":0,"19":0,"20":1,"21":0,"22":0,"23":0,"24":0,"25":1,"26":0,"27":0,"28":0,"29":0,"30":0,"31":0,"32":1,"33":0,"34":0,"35":0,"36":0,"37":0,"38":0,"39":0,"40":0,"41":0,"42":0,"43":0,"44":0,"45":0,"46":0,"47":0,"48":0,"49":0,"50":0,"51":0,"52":0,"53":0,"54":0,"55":0,"56":0,"57":0,"58":0,"59":0,"60":0,"61":0,"62":0,"63":0,"64":0,"65":0,"66":0,"67":0,"68":0,"69":0,"70":0,"71":0,"72":0,"73":0,"74":0,"75":0,"76":0,"77":0,"78":1,"79":0,"80":0,"81":0,"82":0,"83":1,"84":0,"85":0,"86":0,"87":0,"88":0,"89":0,"90":0,"91":0,"92":0,"93":0,"94":0,"95":0,"96":0,"97":0,"98":0,"99":0,"100":0,"101":0,"102":1,"103":0,"104":0,"105":0,"106":0,"107":0,"108":0,"109":0,"110":0,"111":0},"f":{"0":0,"1":0,"2":0,"3":0,"4":0,"5":0,"6":0,"7":0,"8":0,"9":0,"10":0,"11":0,"12":0,"13":0,"14":0,"15":0},"b":{"0":[0,1],"1":[1,0],"2":[0],"3":[0,0],"4":[0,0],"5":[0,0],"6":[0,0],"7":[0,0],"8":[0,0],"9":[0,0],"10":[0,0],"11":[0,0],"12":[0,0],"13":[0,0],"14":[0,0],"15":[0,0],"16":[0,0],"17":[0,0,0],"18":[0,0],"19":[0,0,0],"20":[0,0],"21":[0,0],"22":[0,0],"23":[0,0],"24":[0,0],"25":[0,0],"26":[0,0]},"_coverageSchema":"1a1c01bbd47fc00a2c39e90264f33305004495a9","hash":"90aedf0e19a92d69b3f2ceb2804df1f794588542"}
,"D:\\my stuff\\publish to gethup\\Health.AI\\backend\\src\\controllers\\health-metric.controller.js": {"path":"D:\\my stuff\\publish to gethup\\Health.AI\\backend\\src\\controllers\\health-metric.controller.js","statementMap":{"0":{"start":{"line":1,"column":21},"end":{"line":1,"column":54}},"1":{"start":{"line":4,"column":0},"end":{"line":13,"column":2}},"2":{"start":{"line":5,"column":2},"end":{"line":12,"column":3}},"3":{"start":{"line":6,"column":19},"end":{"line":6,"column":45}},"4":{"start":{"line":7,"column":4},"end":{"line":7,"column":53}},"5":{"start":{"line":7,"column":24},"end":{"line":7,"column":53}},"6":{"start":{"line":8,"column":20},"end":{"line":8,"column":87}},"7":{"start":{"line":9,"column":4},"end":{"line":9,"column":22}},"8":{"start":{"line":11,"column":4},"end":{"line":11,"column":51}},"9":{"start":{"line":16,"column":0},"end":{"line":23,"column":2}},"10":{"start":{"line":17,"column":2},"end":{"line":22,"column":3}},"11":{"start":{"line":18,"column":19},"end":{"line":18,"column":85}},"12":{"start":{"line":19,"column":4},"end":{"line":19,"column":33}},"13":{"start":{"line":21,"column":4},"end":{"line":21,"column":51}},"14":{"start":{"line":26,"column":0},"end":{"line":33,"column":2}},"15":{"start":{"line":27,"column":2},"end":{"line":32,"column":3}},"16":{"start":{"line":28,"column":4},"end":{"line":28,"column":88}},"17":{"start":{"line":29,"column":4},"end":{"line":29,"column":44}},"18":{"start":{"line":31,"column":4},"end":{"line":31,"column":51}},"19":{"start":{"line":36,"column":0},"end":{"line":167,"column":2}},"20":{"start":{"line":37,"column":2},"end":{"line":166,"column":3}},"21":{"start":{"line":38,"column":18},"end":{"line":38,"column":109}},"22":{"start":{"line":39,"column":20},"end":{"line":39,"column":22}},"23":{"start":{"line":41,"column":4},"end":{"line":44,"column":5}},"24":{"start":{"line":42,"column":21},"end":{"line":42,"column":106}},"25":{"start":{"line":43,"column":6},"end":{"line":43,"column":41}},"26":{"start":{"line":43,"column":18},"end":{"line":43,"column":41}},"27":{"start":{"line":46,"column":18},"end":{"line":46,"column":20}},"28":{"start":{"line":47,"column":24},"end":{"line":47,"column":26}},"29":{"start":{"line":50,"column":4},"end":{"line":69,"column":5}},"30":{"start":{"line":51,"column":18},"end":{"line":51,"column":46}},"31":{"start":{"line":52,"column":18},"end":{"line":52,"column":52}},"32":{"start":{"line":53,"column":6},"end":{"line":58,"column":140}},"33":{"start":{"line":54,"column":8},"end":{"line":54,"column":133}},"34":{"start":{"line":55,"column":11},"end":{"line":58,"column":140}},"35":{"start":{"line":56,"column":8},"end":{"line":56,"column":129}},"36":{"start":{"line":57,"column":11},"end":{"line":58,"column":140}},"37":{"start":{"line":58,"column":8},"end":{"line":58,"column":140}},"38":{"start":{"line":61,"column":24},"end":{"line":62,"column":42}},"39":{"start":{"line":63,"column":6},"end":{"line":68,"column":7}},"40":{"start":{"line":64,"column":20},"end":{"line":64,"column":81}},"41":{"start":{"line":64,"column":47},"end":{"line":64,"column":58}},"42":{"start":{"line":65,"column":22},"end":{"line":65,"column":80}},"43":{"start":{"line":66,"column":8},"end":{"line":67,"column":223}},"44":{"start":{"line":67,"column":10},"end":{"line":67,"column":223}},"45":{"start":{"line":72,"column":4},"end":{"line":90,"column":5}},"46":{"start":{"line":73,"column":17},"end":{"line":73,"column":42}},"47":{"start":{"line":74,"column":6},"end":{"line":79,"column":136}},"48":{"start":{"line":75,"column":8},"end":{"line":75,"column":137}},"49":{"start":{"line":76,"column":11},"end":{"line":79,"column":136}},"50":{"start":{"line":77,"column":8},"end":{"line":77,"column":128}},"51":{"start":{"line":78,"column":11},"end":{"line":79,"column":136}},"52":{"start":{"line":79,"column":8},"end":{"line":79,"column":136}},"53":{"start":{"line":82,"column":6},"end":{"line":89,"column":7}},"54":{"start":{"line":83,"column":8},"end":{"line":88,"column":11}},"55":{"start":{"line":93,"column":4},"end":{"line":101,"column":5}},"56":{"start":{"line":94,"column":17},"end":{"line":94,"column":41}},"57":{"start":{"line":95,"column":6},"end":{"line":100,"column":126}},"58":{"start":{"line":96,"column":8},"end":{"line":96,"column":114}},"59":{"start":{"line":97,"column":11},"end":{"line":100,"column":126}},"60":{"start":{"line":98,"column":8},"end":{"line":98,"column":142}},"61":{"start":{"line":99,"column":11},"end":{"line":100,"column":126}},"62":{"start":{"line":100,"column":8},"end":{"line":100,"column":126}},"63":{"start":{"line":104,"column":4},"end":{"line":110,"column":5}},"64":{"start":{"line":105,"column":17},"end":{"line":105,"column":37}},"65":{"start":{"line":106,"column":6},"end":{"line":109,"column":114}},"66":{"start":{"line":107,"column":8},"end":{"line":107,"column":127}},"67":{"start":{"line":108,"column":11},"end":{"line":109,"column":114}},"68":{"start":{"line":109,"column":8},"end":{"line":109,"column":114}},"69":{"start":{"line":113,"column":4},"end":{"line":119,"column":5}},"70":{"start":{"line":114,"column":19},"end":{"line":114,"column":44}},"71":{"start":{"line":115,"column":6},"end":{"line":118,"column":117}},"72":{"start":{"line":116,"column":8},"end":{"line":116,"column":107}},"73":{"start":{"line":117,"column":11},"end":{"line":118,"column":117}},"74":{"start":{"line":118,"column":8},"end":{"line":118,"column":117}},"75":{"start":{"line":122,"column":4},"end":{"line":135,"column":5}},"76":{"start":{"line":123,"column":28},"end":{"line":124,"column":42}},"77":{"start":{"line":125,"column":6},"end":{"line":134,"column":7}},"78":{"start":{"line":126,"column":21},"end":{"line":126,"column":91}},"79":{"start":{"line":127,"column":8},"end":{"line":133,"column":13}},"80":{"start":{"line":128,"column":10},"end":{"line":133,"column":13}},"81":{"start":{"line":138,"column":4},"end":{"line":147,"column":5}},"82":{"start":{"line":139,"column":20},"end":{"line":139,"column":39}},"83":{"start":{"line":140,"column":6},"end":{"line":146,"column":11}},"84":{"start":{"line":141,"column":8},"end":{"line":146,"column":11}},"85":{"start":{"line":150,"column":4},"end":{"line":161,"column":5}},"86":{"start":{"line":151,"column":28},"end":{"line":152,"column":42}},"87":{"start":{"line":153,"column":6},"end":{"line":160,"column":7}},"88":{"start":{"line":154,"column":8},"end":{"line":159,"column":11}},"89":{"start":{"line":163,"column":4},"end":{"line":163,"column":46}},"90":{"start":{"line":165,"column":4},"end":{"line":165,"column":51}},"91":{"start":{"line":171,"column":25},"end":{"line":171,"column":59}},"92":{"start":{"line":172,"column":43},"end":{"line":172,"column":87}},"93":{"start":{"line":173,"column":13},"end":{"line":173,"column":38}},"94":{"start":{"line":177,"column":0},"end":{"line":248,"column":2}},"95":{"start":{"line":178,"column":2},"end":{"line":247,"column":3}},"96":{"start":{"line":179,"column":26},"end":{"line":179,"column":36}},"97":{"start":{"line":180,"column":47},"end":{"line":180,"column":56}},"98":{"start":{"line":184,"column":4},"end":{"line":186,"column":5}},"99":{"start":{"line":185,"column":6},"end":{"line":185,"column":86}},"100":{"start":{"line":189,"column":19},"end":{"line":189,"column":32}},"101":{"start":{"line":191,"column":4},"end":{"line":193,"column":5}},"102":{"start":{"line":192,"column":6},"end":{"line":192,"column":31}},"103":{"start":{"line":195,"column":4},"end":{"line":199,"column":5}},"104":{"start":{"line":196,"column":6},"end":{"line":196,"column":29}},"105":{"start":{"line":197,"column":6},"end":{"line":197,"column":66}},"106":{"start":{"line":197,"column":21},"end":{"line":197,"column":66}},"107":{"start":{"line":198,"column":6},"end":{"line":198,"column":62}},"108":{"start":{"line":198,"column":19},"end":{"line":198,"column":62}},"109":{"start":{"line":202,"column":20},"end":{"line":205,"column":13}},"110":{"start":{"line":208,"column":20},"end":{"line":208,"column":67}},"111":{"start":{"line":209,"column":26},"end":{"line":209,"column":51}},"112":{"start":{"line":212,"column":28},"end":{"line":213,"column":64}},"113":{"start":{"line":214,"column":28},"end":{"line":214,"column":113}},"114":{"start":{"line":216,"column":24},"end":{"line":221,"column":5}},"115":{"start":{"line":223,"column":4},"end":{"line":238,"column":7}},"116":{"start":{"line":224,"column":25},"end":{"line":224,"column":94}},"117":{"start":{"line":225,"column":29},"end":{"line":229,"column":7}},"118":{"start":{"line":231,"column":6},"end":{"line":237,"column":7}},"119":{"start":{"line":232,"column":8},"end":{"line":232,"column":53}},"120":{"start":{"line":233,"column":13},"end":{"line":237,"column":7}},"121":{"start":{"line":234,"column":8},"end":{"line":234,"column":53}},"122":{"start":{"line":236,"column":8},"end":{"line":236,"column":54}},"123":{"start":{"line":240,"column":4},"end":{"line":243,"column":7}},"124":{"start":{"line":245,"column":4},"end":{"line":245,"column":58}},"125":{"start":{"line":246,"column":4},"end":{"line":246,"column":51}},"126":{"start":{"line":252,"column":0},"end":{"line":294,"column":2}},"127":{"start":{"line":253,"column":2},"end":{"line":293,"column":3}},"128":{"start":{"line":254,"column":26},"end":{"line":254,"column":36}},"129":{"start":{"line":255,"column":40},"end":{"line":255,"column":49}},"130":{"start":{"line":258,"column":4},"end":{"line":260,"column":5}},"131":{"start":{"line":259,"column":6},"end":{"line":259,"column":86}},"132":{"start":{"line":263,"column":18},"end":{"line":263,"column":100}},"133":{"start":{"line":266,"column":19},"end":{"line":266,"column":21}},"134":{"start":{"line":267,"column":4},"end":{"line":274,"column":5}},"135":{"start":{"line":268,"column":6},"end":{"line":273,"column":7}},"136":{"start":{"line":269,"column":22},"end":{"line":269,"column":75}},"137":{"start":{"line":270,"column":8},"end":{"line":270,"column":27}},"138":{"start":{"line":272,"column":8},"end":{"line":272,"column":67}},"139":{"start":{"line":277,"column":23},"end":{"line":277,"column":25}},"140":{"start":{"line":278,"column":4},"end":{"line":284,"column":5}},"141":{"start":{"line":279,"column":6},"end":{"line":283,"column":7}},"142":{"start":{"line":280,"column":8},"end":{"line":280,"column":64}},"143":{"start":{"line":282,"column":8},"end":{"line":282,"column":60}},"144":{"start":{"line":286,"column":4},"end":{"line":289,"column":7}},"145":{"start":{"line":291,"column":4},"end":{"line":291,"column":57}},"146":{"start":{"line":292,"column":4},"end":{"line":292,"column":51}},"147":{"start":{"line":298,"column":0},"end":{"line":389,"column":2}},"148":{"start":{"line":299,"column":2},"end":{"line":388,"column":3}},"149":{"start":{"line":300,"column":26},"end":{"line":300,"column":36}},"150":{"start":{"line":303,"column":4},"end":{"line":305,"column":5}},"151":{"start":{"line":304,"column":6},"end":{"line":304,"column":86}},"152":{"start":{"line":308,"column":20},"end":{"line":308,"column":79}},"153":{"start":{"line":309,"column":26},"end":{"line":309,"column":51}},"154":{"start":{"line":312,"column":24},"end":{"line":315,"column":5}},"155":{"start":{"line":317,"column":26},"end":{"line":317,"column":28}},"156":{"start":{"line":318,"column":27},"end":{"line":318,"column":29}},"157":{"start":{"line":319,"column":22},"end":{"line":319,"column":24}},"158":{"start":{"line":321,"column":4},"end":{"line":367,"column":5}},"159":{"start":{"line":322,"column":21},"end":{"line":324,"column":15}},"160":{"start":{"line":326,"column":6},"end":{"line":366,"column":7}},"161":{"start":{"line":327,"column":27},"end":{"line":327,"column":89}},"162":{"start":{"line":329,"column":8},"end":{"line":333,"column":10}},"163":{"start":{"line":336,"column":8},"end":{"line":343,"column":9}},"164":{"start":{"line":337,"column":10},"end":{"line":342,"column":13}},"165":{"start":{"line":346,"column":25},"end":{"line":352,"column":15}},"166":{"start":{"line":354,"column":8},"end":{"line":365,"column":9}},"167":{"start":{"line":355,"column":32},"end":{"line":355,"column":98}},"168":{"start":{"line":356,"column":10},"end":{"line":364,"column":11}},"169":{"start":{"line":357,"column":12},"end":{"line":363,"column":15}},"170":{"start":{"line":370,"column":20},"end":{"line":370,"column":21}},"171":{"start":{"line":371,"column":4},"end":{"line":375,"column":7}},"172":{"start":{"line":372,"column":6},"end":{"line":374,"column":62}},"173":{"start":{"line":372,"column":44},"end":{"line":372,"column":60}},"174":{"start":{"line":373,"column":11},"end":{"line":374,"column":62}},"175":{"start":{"line":373,"column":44},"end":{"line":373,"column":60}},"176":{"start":{"line":374,"column":11},"end":{"line":374,"column":62}},"177":{"start":{"line":374,"column":46},"end":{"line":374,"column":62}},"178":{"start":{"line":376,"column":4},"end":{"line":376,"column":44}},"179":{"start":{"line":376,"column":28},"end":{"line":376,"column":42}},"180":{"start":{"line":377,"column":4},"end":{"line":377,"column":41}},"181":{"start":{"line":379,"column":4},"end":{"line":384,"column":7}},"182":{"start":{"line":386,"column":4},"end":{"line":386,"column":58}},"183":{"start":{"line":387,"column":4},"end":{"line":387,"column":51}}},"fnMap":{"0":{"name":"(anonymous_0)","decl":{"start":{"line":4,"column":21},"end":{"line":4,"column":22}},"loc":{"start":{"line":4,"column":41},"end":{"line":13,"column":1}},"line":4},"1":{"name":"(anonymous_1)","decl":{"start":{"line":16,"column":20},"end":{"line":16,"column":21}},"loc":{"start":{"line":16,"column":40},"end":{"line":23,"column":1}},"line":16},"2":{"name":"(anonymous_2)","decl":{"start":{"line":26,"column":23},"end":{"line":26,"column":24}},"loc":{"start":{"line":26,"column":43},"end":{"line":33,"column":1}},"line":26},"3":{"name":"(anonymous_3)","decl":{"start":{"line":36,"column":21},"end":{"line":36,"column":22}},"loc":{"start":{"line":36,"column":41},"end":{"line":167,"column":1}},"line":36},"4":{"name":"(anonymous_4)","decl":{"start":{"line":64,"column":37},"end":{"line":64,"column":38}},"loc":{"start":{"line":64,"column":47},"end":{"line":64,"column":58}},"line":64},"5":{"name":"(anonymous_5)","decl":{"start":{"line":177,"column":28},"end":{"line":177,"column":29}},"loc":{"start":{"line":177,"column":48},"end":{"line":248,"column":1}},"line":177},"6":{"name":"(anonymous_6)","decl":{"start":{"line":223,"column":20},"end":{"line":223,"column":21}},"loc":{"start":{"line":223,"column":30},"end":{"line":238,"column":5}},"line":223},"7":{"name":"(anonymous_7)","decl":{"start":{"line":252,"column":27},"end":{"line":252,"column":28}},"loc":{"start":{"line":252,"column":47},"end":{"line":294,"column":1}},"line":252},"8":{"name":"(anonymous_8)","decl":{"start":{"line":298,"column":28},"end":{"line":298,"column":29}},"loc":{"start":{"line":298,"column":48},"end":{"line":389,"column":1}},"line":298},"9":{"name":"(anonymous_9)","decl":{"start":{"line":371,"column":27},"end":{"line":371,"column":28}},"loc":{"start":{"line":371,"column":38},"end":{"line":375,"column":5}},"line":371},"10":{"name":"(anonymous_10)","decl":{"start":{"line":376,"column":22},"end":{"line":376,"column":23}},"loc":{"start":{"line":376,"column":28},"end":{"line":376,"column":42}},"line":376}},"branchMap":{"0":{"loc":{"start":{"line":7,"column":4},"end":{"line":7,"column":53}},"type":"if","locations":[{"start":{"line":7,"column":4},"end":{"line":7,"column":53}},{"start":{},"end":{}}],"line":7},"1":{"loc":{"start":{"line":43,"column":6},"end":{"line":43,"column":41}},"type":"if","locations":[{"start":{"line":43,"column":6},"end":{"line":43,"column":41}},{"start":{},"end":{}}],"line":43},"2":{"loc":{"start":{"line":50,"column":4},"end":{"line":69,"column":5}},"type":"if","locations":[{"start":{"line":50,"column":4},"end":{"line":69,"column":5}},{"start":{},"end":{}}],"line":50},"3":{"loc":{"start":{"line":52,"column":18},"end":{"line":52,"column":52}},"type":"binary-expr","locations":[{"start":{"line":52,"column":18},"end":{"line":52,"column":47}},{"start":{"line":52,"column":51},"end":{"line":52,"column":52}}],"line":52},"4":{"loc":{"start":{"line":53,"column":6},"end":{"line":58,"column":140}},"type":"if","locations":[{"start":{"line":53,"column":6},"end":{"line":58,"column":140}},{"start":{"line":55,"column":11},"end":{"line":58,"column":140}}],"line":53},"5":{"loc":{"start":{"line":53,"column":10},"end":{"line":53,"column":34}},"type":"binary-expr","locations":[{"start":{"line":53,"column":10},"end":{"line":53,"column":20}},{"start":{"line":53,"column":24},"end":{"line":53,"column":34}}],"line":53},"6":{"loc":{"start":{"line":55,"column":11},"end":{"line":58,"column":140}},"type":"if","locations":[{"start":{"line":55,"column":11},"end":{"line":58,"column":140}},{"start":{"line":57,"column":11},"end":{"line":58,"column":140}}],"line":55},"7":{"loc":{"start":{"line":55,"column":15},"end":{"line":55,"column":38}},"type":"binary-expr","locations":[{"start":{"line":55,"column":15},"end":{"line":55,"column":25}},{"start":{"line":55,"column":29},"end":{"line":55,"column":38}}],"line":55},"8":{"loc":{"start":{"line":57,"column":11},"end":{"line":58,"column":140}},"type":"if","locations":[{"start":{"line":57,"column":11},"end":{"line":58,"column":140}},{"start":{},"end":{}}],"line":57},"9":{"loc":{"start":{"line":57,"column":15},"end":{"line":57,"column":38}},"type":"binary-expr","locations":[{"start":{"line":57,"column":15},"end":{"line":57,"column":25}},{"start":{"line":57,"column":29},"end":{"line":57,"column":38}}],"line":57},"10":{"loc":{"start":{"line":63,"column":6},"end":{"line":68,"column":7}},"type":"if","locations":[{"start":{"line":63,"column":6},"end":{"line":68,"column":7}},{"start":{},"end":{}}],"line":63},"11":{"loc":{"start":{"line":66,"column":8},"end":{"line":67,"column":223}},"type":"if","locations":[{"start":{"line":66,"column":8},"end":{"line":67,"column":223}},{"start":{},"end":{}}],"line":66},"12":{"loc":{"start":{"line":66,"column":12},"end":{"line":66,"column":36}},"type":"binary-expr","locations":[{"start":{"line":66,"column":12},"end":{"line":66,"column":22}},{"start":{"line":66,"column":26},"end":{"line":66,"column":36}}],"line":66},"13":{"loc":{"start":{"line":72,"column":4},"end":{"line":90,"column":5}},"type":"if","locations":[{"start":{"line":72,"column":4},"end":{"line":90,"column":5}},{"start":{},"end":{}}],"line":72},"14":{"loc":{"start":{"line":74,"column":6},"end":{"line":79,"column":136}},"type":"if","locations":[{"start":{"line":74,"column":6},"end":{"line":79,"column":136}},{"start":{"line":76,"column":11},"end":{"line":79,"column":136}}],"line":74},"15":{"loc":{"start":{"line":76,"column":11},"end":{"line":79,"column":136}},"type":"if","locations":[{"start":{"line":76,"column":11},"end":{"line":79,"column":136}},{"start":{"line":78,"column":11},"end":{"line":79,"column":136}}],"line":76},"16":{"loc":{"start":{"line":78,"column":11},"end":{"line":79,"column":136}},"type":"if","locations":[{"start":{"line":78,"column":11},"end":{"line":79,"column":136}},{"start":{},"end":{}}],"line":78},"17":{"loc":{"start":{"line":82,"column":6},"end":{"line":89,"column":7}},"type":"if","locations":[{"start":{"line":82,"column":6},"end":{"line":89,"column":7}},{"start":{},"end":{}}],"line":82},"18":{"loc":{"start":{"line":82,"column":10},"end":{"line":82,"column":84}},"type":"binary-expr","locations":[{"start":{"line":82,"column":10},"end":{"line":82,"column":32}},{"start":{"line":82,"column":36},"end":{"line":82,"column":71}},{"start":{"line":82,"column":75},"end":{"line":82,"column":84}}],"line":82},"19":{"loc":{"start":{"line":93,"column":4},"end":{"line":101,"column":5}},"type":"if","locations":[{"start":{"line":93,"column":4},"end":{"line":101,"column":5}},{"start":{},"end":{}}],"line":93},"20":{"loc":{"start":{"line":95,"column":6},"end":{"line":100,"column":126}},"type":"if","locations":[{"start":{"line":95,"column":6},"end":{"line":100,"column":126}},{"start":{"line":97,"column":11},"end":{"line":100,"column":126}}],"line":95},"21":{"loc":{"start":{"line":97,"column":11},"end":{"line":100,"column":126}},"type":"if","locations":[{"start":{"line":97,"column":11},"end":{"line":100,"column":126}},{"start":{"line":99,"column":11},"end":{"line":100,"column":126}}],"line":97},"22":{"loc":{"start":{"line":99,"column":11},"end":{"line":100,"column":126}},"type":"if","locations":[{"start":{"line":99,"column":11},"end":{"line":100,"column":126}},{"start":{},"end":{}}],"line":99},"23":{"loc":{"start":{"line":104,"column":4},"end":{"line":110,"column":5}},"type":"if","locations":[{"start":{"line":104,"column":4},"end":{"line":110,"column":5}},{"start":{},"end":{}}],"line":104},"24":{"loc":{"start":{"line":106,"column":6},"end":{"line":109,"column":114}},"type":"if","locations":[{"start":{"line":106,"column":6},"end":{"line":109,"column":114}},{"start":{"line":108,"column":11},"end":{"line":109,"column":114}}],"line":106},"25":{"loc":{"start":{"line":108,"column":11},"end":{"line":109,"column":114}},"type":"if","locations":[{"start":{"line":108,"column":11},"end":{"line":109,"column":114}},{"start":{},"end":{}}],"line":108},"26":{"loc":{"start":{"line":113,"column":4},"end":{"line":119,"column":5}},"type":"if","locations":[{"start":{"line":113,"column":4},"end":{"line":119,"column":5}},{"start":{},"end":{}}],"line":113},"27":{"loc":{"start":{"line":115,"column":6},"end":{"line":118,"column":117}},"type":"if","locations":[{"start":{"line":115,"column":6},"end":{"line":118,"column":117}},{"start":{"line":117,"column":11},"end":{"line":118,"column":117}}],"line":115},"28":{"loc":{"start":{"line":117,"column":11},"end":{"line":118,"column":117}},"type":"if","locations":[{"start":{"line":117,"column":11},"end":{"line":118,"column":117}},{"start":{},"end":{}}],"line":117},"29":{"loc":{"start":{"line":122,"column":4},"end":{"line":135,"column":5}},"type":"if","locations":[{"start":{"line":122,"column":4},"end":{"line":135,"column":5}},{"start":{},"end":{}}],"line":122},"30":{"loc":{"start":{"line":125,"column":6},"end":{"line":134,"column":7}},"type":"if","locations":[{"start":{"line":125,"column":6},"end":{"line":134,"column":7}},{"start":{},"end":{}}],"line":125},"31":{"loc":{"start":{"line":127,"column":8},"end":{"line":133,"column":13}},"type":"if","locations":[{"start":{"line":127,"column":8},"end":{"line":133,"column":13}},{"start":{},"end":{}}],"line":127},"32":{"loc":{"start":{"line":138,"column":4},"end":{"line":147,"column":5}},"type":"if","locations":[{"start":{"line":138,"column":4},"end":{"line":147,"column":5}},{"start":{},"end":{}}],"line":138},"33":{"loc":{"start":{"line":140,"column":6},"end":{"line":146,"column":11}},"type":"if","locations":[{"start":{"line":140,"column":6},"end":{"line":146,"column":11}},{"start":{},"end":{}}],"line":140},"34":{"loc":{"start":{"line":150,"column":4},"end":{"line":161,"column":5}},"type":"if","locations":[{"start":{"line":150,"column":4},"end":{"line":161,"column":5}},{"start":{},"end":{}}],"line":150},"35":{"loc":{"start":{"line":150,"column":8},"end":{"line":150,"column":87}},"type":"binary-expr","locations":[{"start":{"line":150,"column":8},"end":{"line":150,"column":30}},{"start":{"line":150,"column":34},"end":{"line":150,"column":48}},{"start":{"line":150,"column":52},"end":{"line":150,"column":87}}],"line":150},"36":{"loc":{"start":{"line":153,"column":6},"end":{"line":160,"column":7}},"type":"if","locations":[{"start":{"line":153,"column":6},"end":{"line":160,"column":7}},{"start":{},"end":{}}],"line":153},"37":{"loc":{"start":{"line":153,"column":10},"end":{"line":153,"column":109}},"type":"binary-expr","locations":[{"start":{"line":153,"column":10},"end":{"line":153,"column":35}},{"start":{"line":153,"column":39},"end":{"line":153,"column":109}}],"line":153},"38":{"loc":{"start":{"line":184,"column":4},"end":{"line":186,"column":5}},"type":"if","locations":[{"start":{"line":184,"column":4},"end":{"line":186,"column":5}},{"start":{},"end":{}}],"line":184},"39":{"loc":{"start":{"line":184,"column":8},"end":{"line":184,"column":63}},"type":"binary-expr","locations":[{"start":{"line":184,"column":8},"end":{"line":184,"column":34}},{"start":{"line":184,"column":38},"end":{"line":184,"column":63}}],"line":184},"40":{"loc":{"start":{"line":191,"column":4},"end":{"line":193,"column":5}},"type":"if","locations":[{"start":{"line":191,"column":4},"end":{"line":193,"column":5}},{"start":{},"end":{}}],"line":191},"41":{"loc":{"start":{"line":195,"column":4},"end":{"line":199,"column":5}},"type":"if","locations":[{"start":{"line":195,"column":4},"end":{"line":199,"column":5}},{"start":{},"end":{}}],"line":195},"42":{"loc":{"start":{"line":195,"column":8},"end":{"line":195,"column":28}},"type":"binary-expr","locations":[{"start":{"line":195,"column":8},"end":{"line":195,"column":17}},{"start":{"line":195,"column":21},"end":{"line":195,"column":28}}],"line":195},"43":{"loc":{"start":{"line":197,"column":6},"end":{"line":197,"column":66}},"type":"if","locations":[{"start":{"line":197,"column":6},"end":{"line":197,"column":66}},{"start":{},"end":{}}],"line":197},"44":{"loc":{"start":{"line":198,"column":6},"end":{"line":198,"column":62}},"type":"if","locations":[{"start":{"line":198,"column":6},"end":{"line":198,"column":62}},{"start":{},"end":{}}],"line":198},"45":{"loc":{"start":{"line":209,"column":26},"end":{"line":209,"column":51}},"type":"binary-expr","locations":[{"start":{"line":209,"column":26},"end":{"line":209,"column":41}},{"start":{"line":209,"column":45},"end":{"line":209,"column":51}}],"line":209},"46":{"loc":{"start":{"line":227,"column":21},"end":{"line":227,"column":72}},"type":"cond-expr","locations":[{"start":{"line":227,"column":42},"end":{"line":227,"column":50}},{"start":{"line":227,"column":53},"end":{"line":227,"column":72}}],"line":227},"47":{"loc":{"start":{"line":231,"column":6},"end":{"line":237,"column":7}},"type":"if","locations":[{"start":{"line":231,"column":6},"end":{"line":237,"column":7}},{"start":{"line":233,"column":13},"end":{"line":237,"column":7}}],"line":231},"48":{"loc":{"start":{"line":233,"column":13},"end":{"line":237,"column":7}},"type":"if","locations":[{"start":{"line":233,"column":13},"end":{"line":237,"column":7}},{"start":{"line":235,"column":13},"end":{"line":237,"column":7}}],"line":233},"49":{"loc":{"start":{"line":255,"column":25},"end":{"line":255,"column":35}},"type":"default-arg","locations":[{"start":{"line":255,"column":34},"end":{"line":255,"column":35}}],"line":255},"50":{"loc":{"start":{"line":258,"column":4},"end":{"line":260,"column":5}},"type":"if","locations":[{"start":{"line":258,"column":4},"end":{"line":260,"column":5}},{"start":{},"end":{}}],"line":258},"51":{"loc":{"start":{"line":258,"column":8},"end":{"line":258,"column":63}},"type":"binary-expr","locations":[{"start":{"line":258,"column":8},"end":{"line":258,"column":34}},{"start":{"line":258,"column":38},"end":{"line":258,"column":63}}],"line":258},"52":{"loc":{"start":{"line":263,"column":18},"end":{"line":263,"column":100}},"type":"cond-expr","locations":[{"start":{"line":263,"column":32},"end":{"line":263,"column":54}},{"start":{"line":263,"column":57},"end":{"line":263,"column":100}}],"line":263},"53":{"loc":{"start":{"line":278,"column":4},"end":{"line":284,"column":5}},"type":"if","locations":[{"start":{"line":278,"column":4},"end":{"line":284,"column":5}},{"start":{},"end":{}}],"line":278},"54":{"loc":{"start":{"line":303,"column":4},"end":{"line":305,"column":5}},"type":"if","locations":[{"start":{"line":303,"column":4},"end":{"line":305,"column":5}},{"start":{},"end":{}}],"line":303},"55":{"loc":{"start":{"line":303,"column":8},"end":{"line":303,"column":63}},"type":"binary-expr","locations":[{"start":{"line":303,"column":8},"end":{"line":303,"column":34}},{"start":{"line":303,"column":38},"end":{"line":303,"column":63}}],"line":303},"56":{"loc":{"start":{"line":309,"column":26},"end":{"line":309,"column":51}},"type":"binary-expr","locations":[{"start":{"line":309,"column":26},"end":{"line":309,"column":41}},{"start":{"line":309,"column":45},"end":{"line":309,"column":51}}],"line":309},"57":{"loc":{"start":{"line":326,"column":6},"end":{"line":366,"column":7}},"type":"if","locations":[{"start":{"line":326,"column":6},"end":{"line":366,"column":7}},{"start":{},"end":{}}],"line":326},"58":{"loc":{"start":{"line":331,"column":23},"end":{"line":331,"column":74}},"type":"cond-expr","locations":[{"start":{"line":331,"column":44},"end":{"line":331,"column":52}},{"start":{"line":331,"column":55},"end":{"line":331,"column":74}}],"line":331},"59":{"loc":{"start":{"line":336,"column":8},"end":{"line":343,"column":9}},"type":"if","locations":[{"start":{"line":336,"column":8},"end":{"line":343,"column":9}},{"start":{},"end":{}}],"line":336},"60":{"loc":{"start":{"line":336,"column":12},"end":{"line":336,"column":64}},"type":"binary-expr","locations":[{"start":{"line":336,"column":12},"end":{"line":336,"column":31}},{"start":{"line":336,"column":35},"end":{"line":336,"column":64}}],"line":336},"61":{"loc":{"start":{"line":354,"column":8},"end":{"line":365,"column":9}},"type":"if","locations":[{"start":{"line":354,"column":8},"end":{"line":365,"column":9}},{"start":{},"end":{}}],"line":354},"62":{"loc":{"start":{"line":356,"column":10},"end":{"line":364,"column":11}},"type":"if","locations":[{"start":{"line":356,"column":10},"end":{"line":364,"column":11}},{"start":{},"end":{}}],"line":356},"63":{"loc":{"start":{"line":372,"column":6},"end":{"line":374,"column":62}},"type":"if","locations":[{"start":{"line":372,"column":6},"end":{"line":374,"column":62}},{"start":{"line":373,"column":11},"end":{"line":374,"column":62}}],"line":372},"64":{"loc":{"start":{"line":373,"column":11},"end":{"line":374,"column":62}},"type":"if","locations":[{"start":{"line":373,"column":11},"end":{"line":374,"column":62}},{"start":{"line":374,"column":11},"end":{"line":374,"column":62}}],"line":373},"65":{"loc":{"start":{"line":374,"column":11},"end":{"line":374,"column":62}},"type":"if","locations":[{"start":{"line":374,"column":11},"end":{"line":374,"column":62}},{"start":{},"end":{}}],"line":374}},"s":{"0":1,"1":1,"2":0,"3":0,"4":0,"5":0,"6":0,"7":0,"8":0,"9":1,"10":0,"11":0,"12":0,"13":0,"14":1,"15":0,"16":0,"17":0,"18":0,"19":1,"20":0,"21":0,"22":0,"23":0,"24":0,"25":0,"26":0,"27":0,"28":0,"29":0,"30":0,"31":0,"32":0,"33":0,"34":0,"35":0,"36":0,"37":0,"38":0,"39":0,"40":0,"41":0,"42":0,"43":0,"44":0,"45":0,"46":0,"47":0,"48":0,"49":0,"50":0,"51":0,"52":0,"53":0,"54":0,"55":0,"56":0,"57":0,"58":0,"59":0,"60":0,"61":0,"62":0,"63":0,"64":0,"65":0,"66":0,"67":0,"68":0,"69":0,"70":0,"71":0,"72":0,"73":0,"74":0,"75":0,"76":0,"77":0,"78":0,"79":0,"80":0,"81":0,"82":0,"83":0,"84":0,"85":0,"86":0,"87":0,"88":0,"89":0,"90":0,"91":1,"92":1,"93":1,"94":1,"95":5,"96":5,"97":5,"98":5,"99":1,"100":4,"101":4,"102":1,"103":4,"104":1,"105":1,"106":1,"107":1,"108":1,"109":4,"110":4,"111":0,"112":0,"113":0,"114":0,"115":0,"116":0,"117":0,"118":0,"119":0,"120":0,"121":0,"122":0,"123":0,"124":4,"125":4,"126":1,"127":4,"128":4,"129":4,"130":4,"131":1,"132":3,"133":3,"134":3,"135":7,"136":7,"137":7,"138":0,"139":3,"140":3,"141":3,"142":3,"143":0,"144":3,"145":0,"146":0,"147":1,"148":4,"149":4,"150":4,"151":1,"152":3,"153":0,"154":0,"155":0,"156":0,"157":0,"158":0,"159":0,"160":0,"161":0,"162":0,"163":0,"164":0,"165":0,"166":0,"167":0,"168":0,"169":0,"170":0,"171":0,"172":0,"173":0,"174":0,"175":0,"176":0,"177":0,"178":0,"179":0,"180":0,"181":0,"182":3,"183":3},"f":{"0":0,"1":0,"2":0,"3":0,"4":0,"5":5,"6":0,"7":4,"8":4,"9":0,"10":0},"b":{"0":[0,0],"1":[0,0],"2":[0,0],"3":[0,0],"4":[0,0],"5":[0,0],"6":[0,0],"7":[0,0],"8":[0,0],"9":[0,0],"10":[0,0],"11":[0,0],"12":[0,0],"13":[0,0],"14":[0,0],"15":[0,0],"16":[0,0],"17":[0,0],"18":[0,0,0],"19":[0,0],"20":[0,0],"21":[0,0],"22":[0,0],"23":[0,0],"24":[0,0],"25":[0,0],"26":[0,0],"27":[0,0],"28":[0,0],"29":[0,0],"30":[0,0],"31":[0,0],"32":[0,0],"33":[0,0],"34":[0,0],"35":[0,0,0],"36":[0,0],"37":[0,0],"38":[1,4],"39":[5,2],"40":[1,3],"41":[1,3],"42":[4,3],"43":[1,0],"44":[1,0],"45":[0,0],"46":[0,0],"47":[0,0],"48":[0,0],"49":[3],"50":[1,3],"51":[4,1],"52":[2,1],"53":[3,0],"54":[1,3],"55":[4,1],"56":[0,0],"57":[0,0],"58":[0,0],"59":[0,0],"60":[0,0],"61":[0,0],"62":[0,0],"63":[0,0],"64":[0,0],"65":[0,0]},"_coverageSchema":"1a1c01bbd47fc00a2c39e90264f33305004495a9","hash":"809befcaff90ff47e15855c335277f96152afcd7"}
,"D:\\my stuff\\publish to gethup\\Health.AI\\backend\\src\\models\\Appointment.js": {"path":"D:\\my stuff\\publish to gethup\\Health.AI\\backend\\src\\models\\Appointment.js","statementMap":{"0":{"start":{"line":1,"column":17},"end":{"line":1,"column":36}},"1":{"start":{"line":3,"column":26},"end":{"line":26,"column":2}},"2":{"start":{"line":24,"column":29},"end":{"line":24,"column":46}},"3":{"start":{"line":24,"column":47},"end":{"line":24,"column":62}},"4":{"start":{"line":24,"column":63},"end":{"line":24,"column":78}},"5":{"start":{"line":24,"column":79},"end":{"line":24,"column":90}},"6":{"start":{"line":28,"column":0},"end":{"line":28,"column":66}}},"fnMap":{"0":{"name":"(anonymous_0)","decl":{"start":{"line":24,"column":15},"end":{"line":24,"column":16}},"loc":{"start":{"line":24,"column":27},"end":{"line":24,"column":92}},"line":24}},"branchMap":{},"s":{"0":1,"1":1,"2":0,"3":0,"4":0,"5":0,"6":1},"f":{"0":0},"b":{},"_coverageSchema":"1a1c01bbd47fc00a2c39e90264f33305004495a9","hash":"e36f0e4bc2e3518305e64dc6cc075e0fa2a2138e"}
,"D:\\my stuff\\publish to gethup\\Health.AI\\backend\\src\\models\\Conversation.js": {"path":"D:\\my stuff\\publish to gethup\\Health.AI\\backend\\src\\models\\Conversation.js","statementMap":{"0":{"start":{"line":1,"column":17},"end":{"line":1,"column":36}},"1":{"start":{"line":3,"column":22},"end":{"line":7,"column":18}},"2":{"start":{"line":9,"column":27},"end":{"line":20,"column":2}},"3":{"start":{"line":18,"column":29},"end":{"line":18,"column":46}},"4":{"start":{"line":18,"column":47},"end":{"line":18,"column":62}},"5":{"start":{"line":18,"column":63},"end":{"line":18,"column":78}},"6":{"start":{"line":18,"column":79},"end":{"line":18,"column":90}},"7":{"start":{"line":22,"column":0},"end":{"line":22,"column":68}}},"fnMap":{"0":{"name":"(anonymous_0)","decl":{"start":{"line":18,"column":15},"end":{"line":18,"column":16}},"loc":{"start":{"line":18,"column":27},"end":{"line":18,"column":92}},"line":18}},"branchMap":{},"s":{"0":1,"1":1,"2":1,"3":0,"4":0,"5":0,"6":0,"7":1},"f":{"0":0},"b":{},"_coverageSchema":"1a1c01bbd47fc00a2c39e90264f33305004495a9","hash":"3cb693f2c5da06458737e38a283527c80223a655"}
,"D:\\my stuff\\publish to gethup\\Health.AI\\backend\\src\\models\\Doctor.js": {"path":"D:\\my stuff\\publish to gethup\\Health.AI\\backend\\src\\models\\Doctor.js","statementMap":{"0":{"start":{"line":1,"column":17},"end":{"line":1,"column":36}},"1":{"start":{"line":3,"column":23},"end":{"line":7,"column":18}},"2":{"start":{"line":9,"column":23},"end":{"line":13,"column":18}},"3":{"start":{"line":15,"column":21},"end":{"line":46,"column":2}},"4":{"start":{"line":44,"column":29},"end":{"line":44,"column":46}},"5":{"start":{"line":44,"column":47},"end":{"line":44,"column":62}},"6":{"start":{"line":44,"column":63},"end":{"line":44,"column":78}},"7":{"start":{"line":44,"column":79},"end":{"line":44,"column":90}},"8":{"start":{"line":48,"column":0},"end":{"line":48,"column":56}}},"fnMap":{"0":{"name":"(anonymous_0)","decl":{"start":{"line":44,"column":15},"end":{"line":44,"column":16}},"loc":{"start":{"line":44,"column":27},"end":{"line":44,"column":92}},"line":44}},"branchMap":{},"s":{"0":1,"1":1,"2":1,"3":1,"4":0,"5":0,"6":0,"7":0,"8":1},"f":{"0":0},"b":{},"_coverageSchema":"1a1c01bbd47fc00a2c39e90264f33305004495a9","hash":"a8da0f5600c2a999e3fe2d58916e89003d793fcb"}
,"D:\\my stuff\\publish to gethup\\Health.AI\\backend\\src\\models\\HealthMetric.js": {"path":"D:\\my stuff\\publish to gethup\\Health.AI\\backend\\src\\models\\HealthMetric.js","statementMap":{"0":{"start":{"line":1,"column":17},"end":{"line":1,"column":36}},"1":{"start":{"line":3,"column":27},"end":{"line":32,"column":2}},"2":{"start":{"line":30,"column":29},"end":{"line":30,"column":46}},"3":{"start":{"line":30,"column":47},"end":{"line":30,"column":62}},"4":{"start":{"line":30,"column":63},"end":{"line":30,"column":78}},"5":{"start":{"line":30,"column":79},"end":{"line":30,"column":90}},"6":{"start":{"line":35,"column":0},"end":{"line":35,"column":68}},"7":{"start":{"line":36,"column":0},"end":{"line":36,"column":59}},"8":{"start":{"line":38,"column":0},"end":{"line":38,"column":68}}},"fnMap":{"0":{"name":"(anonymous_0)","decl":{"start":{"line":30,"column":15},"end":{"line":30,"column":16}},"loc":{"start":{"line":30,"column":27},"end":{"line":30,"column":92}},"line":30}},"branchMap":{},"s":{"0":4,"1":4,"2":0,"3":0,"4":0,"5":0,"6":4,"7":4,"8":4},"f":{"0":0},"b":{},"_coverageSchema":"1a1c01bbd47fc00a2c39e90264f33305004495a9","hash":"8b78ebe2f402d4f4faefd5fe4bdd09bf7b8a31ff"}
,"D:\\my stuff\\publish to gethup\\Health.AI\\backend\\src\\models\\Notification.js": {"path":"D:\\my stuff\\publish to gethup\\Health.AI\\backend\\src\\models\\Notification.js","statementMap":{"0":{"start":{"line":1,"column":17},"end":{"line":1,"column":36}},"1":{"start":{"line":3,"column":27},"end":{"line":15,"column":2}},"2":{"start":{"line":13,"column":29},"end":{"line":13,"column":46}},"3":{"start":{"line":13,"column":47},"end":{"line":13,"column":62}},"4":{"start":{"line":13,"column":63},"end":{"line":13,"column":78}},"5":{"start":{"line":13,"column":79},"end":{"line":13,"column":90}},"6":{"start":{"line":17,"column":0},"end":{"line":17,"column":68}}},"fnMap":{"0":{"name":"(anonymous_0)","decl":{"start":{"line":13,"column":15},"end":{"line":13,"column":16}},"loc":{"start":{"line":13,"column":27},"end":{"line":13,"column":92}},"line":13}},"branchMap":{},"s":{"0":1,"1":1,"2":0,"3":0,"4":0,"5":0,"6":1},"f":{"0":0},"b":{},"_coverageSchema":"1a1c01bbd47fc00a2c39e90264f33305004495a9","hash":"aa8dce332dedc48b34d50628654fe1a0b9018d80"}
,"D:\\my stuff\\publish to gethup\\Health.AI\\backend\\src\\models\\User.js": {"path":"D:\\my stuff\\publish to gethup\\Health.AI\\backend\\src\\models\\User.js","statementMap":{"0":{"start":{"line":1,"column":17},"end":{"line":1,"column":36}},"1":{"start":{"line":2,"column":15},"end":{"line":2,"column":34}},"2":{"start":{"line":4,"column":19},"end":{"line":35,"column":2}},"3":{"start":{"line":30,"column":6},"end":{"line":30,"column":23}},"4":{"start":{"line":31,"column":6},"end":{"line":31,"column":21}},"5":{"start":{"line":31,"column":22},"end":{"line":31,"column":37}},"6":{"start":{"line":31,"column":38},"end":{"line":31,"column":58}},"7":{"start":{"line":32,"column":6},"end":{"line":32,"column":17}},"8":{"start":{"line":37,"column":0},"end":{"line":41,"column":3}},"9":{"start":{"line":38,"column":2},"end":{"line":38,"column":50}},"10":{"start":{"line":38,"column":36},"end":{"line":38,"column":50}},"11":{"start":{"line":39,"column":2},"end":{"line":39,"column":55}},"12":{"start":{"line":40,"column":2},"end":{"line":40,"column":9}},"13":{"start":{"line":43,"column":0},"end":{"line":45,"column":2}},"14":{"start":{"line":44,"column":2},"end":{"line":44,"column":46}},"15":{"start":{"line":47,"column":0},"end":{"line":47,"column":52}}},"fnMap":{"0":{"name":"(anonymous_0)","decl":{"start":{"line":29,"column":15},"end":{"line":29,"column":16}},"loc":{"start":{"line":29,"column":27},"end":{"line":33,"column":5}},"line":29},"1":{"name":"(anonymous_1)","decl":{"start":{"line":37,"column":23},"end":{"line":37,"column":24}},"loc":{"start":{"line":37,"column":45},"end":{"line":41,"column":1}},"line":37},"2":{"name":"(anonymous_2)","decl":{"start":{"line":43,"column":35},"end":{"line":43,"column":36}},"loc":{"start":{"line":43,"column":52},"end":{"line":45,"column":1}},"line":43}},"branchMap":{"0":{"loc":{"start":{"line":38,"column":2},"end":{"line":38,"column":50}},"type":"if","locations":[{"start":{"line":38,"column":2},"end":{"line":38,"column":50}},{"start":{},"end":{}}],"line":38}},"s":{"0":4,"1":4,"2":4,"3":0,"4":0,"5":0,"6":0,"7":0,"8":4,"9":0,"10":0,"11":0,"12":0,"13":4,"14":0,"15":4},"f":{"0":0,"1":0,"2":0},"b":{"0":[0,0]},"_coverageSchema":"1a1c01bbd47fc00a2c39e90264f33305004495a9","hash":"cdc1a56cf64aecb11a5f3d1ae35784af9829aa83"}
,"D:\\my stuff\\publish to gethup\\Health.AI\\backend\\src\\services\\aiContext.service.js": {"path":"D:\\my stuff\\publish to gethup\\Health.AI\\backend\\src\\services\\aiContext.service.js","statementMap":{"0":{"start":{"line":1,"column":21},"end":{"line":1,"column":54}},"1":{"start":{"line":2,"column":13},"end":{"line":2,"column":38}},"2":{"start":{"line":3,"column":25},"end":{"line":3,"column":59}},"3":{"start":{"line":16,"column":6},"end":{"line":16,"column":13}},"4":{"start":{"line":18,"column":2},"end":{"line":125,"column":3}},"5":{"start":{"line":20,"column":20},"end":{"line":20,"column":90}},"6":{"start":{"line":21,"column":4},"end":{"line":23,"column":5}},"7":{"start":{"line":22,"column":6},"end":{"line":22,"column":43}},"8":{"start":{"line":25,"column":16},"end":{"line":27,"column":12}},"9":{"start":{"line":30,"column":29},"end":{"line":30,"column":39}},"10":{"start":{"line":31,"column":4},"end":{"line":31,"column":75}},"11":{"start":{"line":34,"column":28},"end":{"line":35,"column":64}},"12":{"start":{"line":38,"column":28},"end":{"line":38,"column":113}},"13":{"start":{"line":41,"column":24},"end":{"line":47,"column":11}},"14":{"start":{"line":50,"column":24},"end":{"line":56,"column":11}},"15":{"start":{"line":59,"column":25},"end":{"line":65,"column":11}},"16":{"start":{"line":68,"column":26},"end":{"line":68,"column":28}},"17":{"start":{"line":69,"column":23},"end":{"line":69,"column":72}},"18":{"start":{"line":71,"column":4},"end":{"line":82,"column":5}},"19":{"start":{"line":72,"column":25},"end":{"line":72,"column":95}},"20":{"start":{"line":73,"column":6},"end":{"line":81,"column":7}},"21":{"start":{"line":74,"column":8},"end":{"line":80,"column":11}},"22":{"start":{"line":85,"column":20},"end":{"line":114,"column":5}},"23":{"start":{"line":93,"column":43},"end":{"line":98,"column":9}},"24":{"start":{"line":99,"column":43},"end":{"line":104,"column":9}},"25":{"start":{"line":105,"column":45},"end":{"line":111,"column":9}},"26":{"start":{"line":117,"column":4},"end":{"line":119,"column":5}},"27":{"start":{"line":118,"column":6},"end":{"line":118,"column":51}},"28":{"start":{"line":121,"column":4},"end":{"line":121,"column":19}},"29":{"start":{"line":123,"column":4},"end":{"line":123,"column":60}},"30":{"start":{"line":124,"column":4},"end":{"line":124,"column":16}},"31":{"start":{"line":134,"column":2},"end":{"line":136,"column":3}},"32":{"start":{"line":135,"column":4},"end":{"line":135,"column":34}},"33":{"start":{"line":138,"column":20},"end":{"line":145,"column":4}},"34":{"start":{"line":139,"column":17},"end":{"line":139,"column":80}},"35":{"start":{"line":140,"column":18},"end":{"line":142,"column":20}},"36":{"start":{"line":144,"column":4},"end":{"line":144,"column":82}},"37":{"start":{"line":147,"column":2},"end":{"line":147,"column":30}},"38":{"start":{"line":158,"column":25},"end":{"line":158,"column":64}},"39":{"start":{"line":158,"column":34},"end":{"line":158,"column":64}},"40":{"start":{"line":160,"column":22},"end":{"line":160,"column":49}},"41":{"start":{"line":162,"column":2},"end":{"line":164,"column":3}},"42":{"start":{"line":163,"column":4},"end":{"line":163,"column":23}},"43":{"start":{"line":167,"column":22},"end":{"line":176,"column":3}},"44":{"start":{"line":179,"column":23},"end":{"line":183,"column":3}},"45":{"start":{"line":185,"column":2},"end":{"line":202,"column":3}},"46":{"start":{"line":186,"column":23},"end":{"line":186,"column":34}},"47":{"start":{"line":187,"column":19},"end":{"line":187,"column":33}},"48":{"start":{"line":189,"column":4},"end":{"line":193,"column":5}},"49":{"start":{"line":190,"column":6},"end":{"line":190,"column":31}},"50":{"start":{"line":191,"column":11},"end":{"line":193,"column":5}},"51":{"start":{"line":192,"column":6},"end":{"line":192,"column":31}},"52":{"start":{"line":195,"column":4},"end":{"line":195,"column":53}},"53":{"start":{"line":197,"column":4},"end":{"line":197,"column":48}},"54":{"start":{"line":198,"column":4},"end":{"line":201,"column":5}},"55":{"start":{"line":199,"column":6},"end":{"line":199,"column":48}},"56":{"start":{"line":200,"column":6},"end":{"line":200,"column":12}},"57":{"start":{"line":204,"column":2},"end":{"line":204,"column":21}},"58":{"start":{"line":207,"column":0},"end":{"line":211,"column":2}}},"fnMap":{"0":{"name":"buildPatientContext","decl":{"start":{"line":11,"column":15},"end":{"line":11,"column":34}},"loc":{"start":{"line":11,"column":60},"end":{"line":126,"column":1}},"line":11},"1":{"name":"(anonymous_1)","decl":{"start":{"line":93,"column":37},"end":{"line":93,"column":38}},"loc":{"start":{"line":93,"column":43},"end":{"line":98,"column":9}},"line":93},"2":{"name":"(anonymous_2)","decl":{"start":{"line":99,"column":37},"end":{"line":99,"column":38}},"loc":{"start":{"line":99,"column":43},"end":{"line":104,"column":9}},"line":99},"3":{"name":"(anonymous_3)","decl":{"start":{"line":105,"column":39},"end":{"line":105,"column":40}},"loc":{"start":{"line":105,"column":45},"end":{"line":111,"column":9}},"line":105},"4":{"name":"formatMetricsForAI","decl":{"start":{"line":133,"column":9},"end":{"line":133,"column":27}},"loc":{"start":{"line":133,"column":37},"end":{"line":148,"column":1}},"line":133},"5":{"name":"(anonymous_5)","decl":{"start":{"line":138,"column":32},"end":{"line":138,"column":33}},"loc":{"start":{"line":138,"column":42},"end":{"line":145,"column":3}},"line":138},"6":{"name":"prioritizeContext","decl":{"start":{"line":156,"column":9},"end":{"line":156,"column":26}},"loc":{"start":{"line":156,"column":51},"end":{"line":205,"column":1}},"line":156},"7":{"name":"(anonymous_7)","decl":{"start":{"line":158,"column":25},"end":{"line":158,"column":26}},"loc":{"start":{"line":158,"column":34},"end":{"line":158,"column":64}},"line":158}},"branchMap":{"0":{"loc":{"start":{"line":11,"column":46},"end":{"line":11,"column":58}},"type":"default-arg","locations":[{"start":{"line":11,"column":56},"end":{"line":11,"column":58}}],"line":11},"1":{"loc":{"start":{"line":13,"column":4},"end":{"line":13,"column":19}},"type":"default-arg","locations":[{"start":{"line":13,"column":17},"end":{"line":13,"column":19}}],"line":13},"2":{"loc":{"start":{"line":14,"column":4},"end":{"line":14,"column":22}},"type":"default-arg","locations":[{"start":{"line":14,"column":20},"end":{"line":14,"column":22}}],"line":14},"3":{"loc":{"start":{"line":15,"column":4},"end":{"line":15,"column":20}},"type":"default-arg","locations":[{"start":{"line":15,"column":16},"end":{"line":15,"column":20}}],"line":15},"4":{"loc":{"start":{"line":21,"column":4},"end":{"line":23,"column":5}},"type":"if","locations":[{"start":{"line":21,"column":4},"end":{"line":23,"column":5}},{"start":{},"end":{}}],"line":21},"5":{"loc":{"start":{"line":25,"column":16},"end":{"line":27,"column":12}},"type":"cond-expr","locations":[{"start":{"line":26,"column":8},"end":{"line":26,"column":97}},{"start":{"line":27,"column":8},"end":{"line":27,"column":12}}],"line":25},"6":{"loc":{"start":{"line":73,"column":6},"end":{"line":81,"column":7}},"type":"if","locations":[{"start":{"line":73,"column":6},"end":{"line":81,"column":7}},{"start":{},"end":{}}],"line":73},"7":{"loc":{"start":{"line":117,"column":4},"end":{"line":119,"column":5}},"type":"if","locations":[{"start":{"line":117,"column":4},"end":{"line":119,"column":5}},{"start":{},"end":{}}],"line":117},"8":{"loc":{"start":{"line":134,"column":2},"end":{"line":136,"column":3}},"type":"if","locations":[{"start":{"line":134,"column":2},"end":{"line":136,"column":3}},{"start":{},"end":{}}],"line":134},"9":{"loc":{"start":{"line":134,"column":6},"end":{"line":134,"column":38}},"type":"binary-expr","locations":[{"start":{"line":134,"column":6},"end":{"line":134,"column":14}},{"start":{"line":134,"column":18},"end":{"line":134,"column":38}}],"line":134},"10":{"loc":{"start":{"line":139,"column":26},"end":{"line":139,"column":58}},"type":"binary-expr","locations":[{"start":{"line":139,"column":26},"end":{"line":139,"column":37}},{"start":{"line":139,"column":41},"end":{"line":139,"column":58}}],"line":139},"11":{"loc":{"start":{"line":140,"column":18},"end":{"line":142,"column":20}},"type":"cond-expr","locations":[{"start":{"line":141,"column":8},"end":{"line":141,"column":42}},{"start":{"line":142,"column":8},"end":{"line":142,"column":20}}],"line":140},"12":{"loc":{"start":{"line":162,"column":2},"end":{"line":164,"column":3}},"type":"if","locations":[{"start":{"line":162,"column":2},"end":{"line":164,"column":3}},{"start":{},"end":{}}],"line":162},"13":{"loc":{"start":{"line":189,"column":4},"end":{"line":193,"column":5}},"type":"if","locations":[{"start":{"line":189,"column":4},"end":{"line":193,"column":5}},{"start":{"line":191,"column":11},"end":{"line":193,"column":5}}],"line":189},"14":{"loc":{"start":{"line":191,"column":11},"end":{"line":193,"column":5}},"type":"if","locations":[{"start":{"line":191,"column":11},"end":{"line":193,"column":5}},{"start":{},"end":{}}],"line":191},"15":{"loc":{"start":{"line":198,"column":4},"end":{"line":201,"column":5}},"type":"if","locations":[{"start":{"line":198,"column":4},"end":{"line":201,"column":5}},{"start":{},"end":{}}],"line":198}},"s":{"0":1,"1":1,"2":1,"3":4,"4":4,"5":4,"6":0,"7":0,"8":0,"9":0,"10":0,"11":0,"12":0,"13":0,"14":0,"15":0,"16":0,"17":0,"18":0,"19":0,"20":0,"21":0,"22":0,"23":0,"24":0,"25":0,"26":0,"27":0,"28":0,"29":4,"30":4,"31":4,"32":2,"33":2,"34":3,"35":3,"36":3,"37":2,"38":3,"39":9,"40":3,"41":3,"42":2,"43":1,"44":1,"45":1,"46":6,"47":6,"48":6,"49":5,"50":1,"51":1,"52":6,"53":6,"54":6,"55":1,"56":1,"57":1,"58":1},"f":{"0":4,"1":0,"2":0,"3":0,"4":4,"5":3,"6":3,"7":9},"b":{"0":[3],"1":[4],"2":[4],"3":[3],"4":[0,0],"5":[0,0],"6":[0,0],"7":[0,0],"8":[2,2],"9":[4,3],"10":[3,1],"11":[1,2],"12":[2,1],"13":[5,1],"14":[1,0],"15":[1,5]},"_coverageSchema":"1a1c01bbd47fc00a2c39e90264f33305004495a9","hash":"f6d9ac39791833da2157df2ff0bfa73ca7b9cccb"}
,"D:\\my stuff\\publish to gethup\\Health.AI\\backend\\src\\services\\reportBuilder.service.js": {"path":"D:\\my stuff\\publish to gethup\\Health.AI\\backend\\src\\services\\reportBuilder.service.js","statementMap":{"0":{"start":{"line":1,"column":20},"end":{"line":1,"column":37}},"1":{"start":{"line":2,"column":21},"end":{"line":2,"column":54}},"2":{"start":{"line":3,"column":13},"end":{"line":3,"column":38}},"3":{"start":{"line":4,"column":25},"end":{"line":4,"column":59}},"4":{"start":{"line":5,"column":19},"end":{"line":5,"column":36}},"5":{"start":{"line":7,"column":15},"end":{"line":9,"column":2}},"6":{"start":{"line":19,"column":2},"end":{"line":101,"column":3}},"7":{"start":{"line":23,"column":8},"end":{"line":23,"column":15}},"8":{"start":{"line":26,"column":20},"end":{"line":26,"column":96}},"9":{"start":{"line":27,"column":4},"end":{"line":29,"column":5}},"10":{"start":{"line":28,"column":6},"end":{"line":28,"column":43}},"11":{"start":{"line":32,"column":19},"end":{"line":34,"column":12}},"12":{"start":{"line":37,"column":20},"end":{"line":43,"column":38}},"13":{"start":{"line":46,"column":27},"end":{"line":46,"column":79}},"14":{"start":{"line":47,"column":28},"end":{"line":47,"column":81}},"15":{"start":{"line":50,"column":16},"end":{"line":50,"column":47}},"16":{"start":{"line":51,"column":20},"end":{"line":51,"column":22}},"17":{"start":{"line":53,"column":4},"end":{"line":53,"column":47}},"18":{"start":{"line":55,"column":23},"end":{"line":59,"column":6}},"19":{"start":{"line":56,"column":6},"end":{"line":58,"column":9}},"20":{"start":{"line":57,"column":8},"end":{"line":57,"column":40}},"21":{"start":{"line":62,"column":4},"end":{"line":64,"column":5}},"22":{"start":{"line":63,"column":6},"end":{"line":63,"column":69}},"23":{"start":{"line":66,"column":4},"end":{"line":68,"column":5}},"24":{"start":{"line":67,"column":6},"end":{"line":67,"column":57}},"25":{"start":{"line":70,"column":4},"end":{"line":72,"column":5}},"26":{"start":{"line":71,"column":6},"end":{"line":71,"column":59}},"27":{"start":{"line":74,"column":4},"end":{"line":76,"column":5}},"28":{"start":{"line":75,"column":6},"end":{"line":75,"column":54}},"29":{"start":{"line":78,"column":4},"end":{"line":80,"column":5}},"30":{"start":{"line":79,"column":6},"end":{"line":79,"column":94}},"31":{"start":{"line":82,"column":4},"end":{"line":84,"column":5}},"32":{"start":{"line":83,"column":6},"end":{"line":83,"column":63}},"33":{"start":{"line":86,"column":4},"end":{"line":88,"column":5}},"34":{"start":{"line":87,"column":6},"end":{"line":87,"column":57}},"35":{"start":{"line":90,"column":4},"end":{"line":92,"column":5}},"36":{"start":{"line":91,"column":6},"end":{"line":91,"column":53}},"37":{"start":{"line":95,"column":4},"end":{"line":95,"column":14}},"38":{"start":{"line":97,"column":4},"end":{"line":97,"column":28}},"39":{"start":{"line":99,"column":4},"end":{"line":99,"column":66}},"40":{"start":{"line":100,"column":4},"end":{"line":100,"column":16}},"41":{"start":{"line":111,"column":2},"end":{"line":138,"column":3}},"42":{"start":{"line":112,"column":19},"end":{"line":114,"column":377}},"43":{"start":{"line":116,"column":21},"end":{"line":130,"column":6}},"44":{"start":{"line":132,"column":4},"end":{"line":132,"column":54}},"45":{"start":{"line":134,"column":4},"end":{"line":134,"column":57}},"46":{"start":{"line":135,"column":4},"end":{"line":137,"column":41}},"47":{"start":{"line":147,"column":2},"end":{"line":163,"column":5}},"48":{"start":{"line":148,"column":17},"end":{"line":148,"column":65}},"49":{"start":{"line":149,"column":18},"end":{"line":151,"column":20}},"50":{"start":{"line":153,"column":23},"end":{"line":153,"column":85}},"51":{"start":{"line":154,"column":19},"end":{"line":154,"column":84}},"52":{"start":{"line":156,"column":4},"end":{"line":162,"column":6}},"53":{"start":{"line":169,"column":2},"end":{"line":169,"column":68}},"54":{"start":{"line":170,"column":2},"end":{"line":170,"column":17}},"55":{"start":{"line":172,"column":2},"end":{"line":172,"column":52}},"56":{"start":{"line":173,"column":2},"end":{"line":173,"column":113}},"57":{"start":{"line":174,"column":2},"end":{"line":174,"column":49}},"58":{"start":{"line":175,"column":2},"end":{"line":175,"column":66}},"59":{"start":{"line":176,"column":2},"end":{"line":176,"column":17}},"60":{"start":{"line":178,"column":2},"end":{"line":181,"column":3}},"61":{"start":{"line":179,"column":4},"end":{"line":179,"column":39}},"62":{"start":{"line":180,"column":4},"end":{"line":180,"column":79}},"63":{"start":{"line":183,"column":2},"end":{"line":183,"column":147}},"64":{"start":{"line":184,"column":2},"end":{"line":184,"column":17}},"65":{"start":{"line":185,"column":2},"end":{"line":185,"column":52}},"66":{"start":{"line":186,"column":2},"end":{"line":186,"column":17}},"67":{"start":{"line":190,"column":2},"end":{"line":190,"column":57}},"68":{"start":{"line":191,"column":2},"end":{"line":191,"column":20}},"69":{"start":{"line":192,"column":2},"end":{"line":192,"column":34}},"70":{"start":{"line":193,"column":2},"end":{"line":193,"column":17}},"71":{"start":{"line":197,"column":2},"end":{"line":197,"column":58}},"72":{"start":{"line":198,"column":2},"end":{"line":198,"column":20}},"73":{"start":{"line":199,"column":2},"end":{"line":199,"column":35}},"74":{"start":{"line":200,"column":2},"end":{"line":200,"column":17}},"75":{"start":{"line":204,"column":2},"end":{"line":204,"column":63}},"76":{"start":{"line":205,"column":2},"end":{"line":205,"column":20}},"77":{"start":{"line":207,"column":20},"end":{"line":207,"column":51}},"78":{"start":{"line":208,"column":18},"end":{"line":208,"column":63}},"79":{"start":{"line":211,"column":2},"end":{"line":211,"column":19}},"80":{"start":{"line":212,"column":17},"end":{"line":212,"column":22}},"81":{"start":{"line":213,"column":20},"end":{"line":213,"column":41}},"82":{"start":{"line":214,"column":10},"end":{"line":214,"column":12}},"83":{"start":{"line":217,"column":2},"end":{"line":220,"column":5}},"84":{"start":{"line":218,"column":4},"end":{"line":218,"column":75}},"85":{"start":{"line":219,"column":4},"end":{"line":219,"column":22}},"86":{"start":{"line":222,"column":2},"end":{"line":222,"column":17}},"87":{"start":{"line":225,"column":2},"end":{"line":232,"column":5}},"88":{"start":{"line":226,"column":4},"end":{"line":226,"column":11}},"89":{"start":{"line":227,"column":4},"end":{"line":230,"column":7}},"90":{"start":{"line":228,"column":6},"end":{"line":228,"column":98}},"91":{"start":{"line":229,"column":6},"end":{"line":229,"column":24}},"92":{"start":{"line":231,"column":4},"end":{"line":231,"column":22}},"93":{"start":{"line":234,"column":2},"end":{"line":234,"column":17}},"94":{"start":{"line":238,"column":2},"end":{"line":238,"column":70}},"95":{"start":{"line":239,"column":2},"end":{"line":239,"column":20}},"96":{"start":{"line":241,"column":2},"end":{"line":241,"column":65}},"97":{"start":{"line":242,"column":2},"end":{"line":242,"column":40}},"98":{"start":{"line":243,"column":2},"end":{"line":243,"column":17}},"99":{"start":{"line":245,"column":2},"end":{"line":245,"column":66}},"100":{"start":{"line":246,"column":2},"end":{"line":246,"column":41}},"101":{"start":{"line":247,"column":2},"end":{"line":247,"column":17}},"102":{"start":{"line":249,"column":2},"end":{"line":255,"column":3}},"103":{"start":{"line":250,"column":4},"end":{"line":250,"column":74}},"104":{"start":{"line":251,"column":4},"end":{"line":253,"column":7}},"105":{"start":{"line":252,"column":6},"end":{"line":252,"column":44}},"106":{"start":{"line":254,"column":4},"end":{"line":254,"column":19}},"107":{"start":{"line":259,"column":2},"end":{"line":259,"column":77}},"108":{"start":{"line":260,"column":2},"end":{"line":260,"column":20}},"109":{"start":{"line":261,"column":2},"end":{"line":261,"column":37}},"110":{"start":{"line":262,"column":2},"end":{"line":262,"column":17}},"111":{"start":{"line":266,"column":2},"end":{"line":266,"column":71}},"112":{"start":{"line":267,"column":2},"end":{"line":267,"column":20}},"113":{"start":{"line":268,"column":2},"end":{"line":268,"column":34}},"114":{"start":{"line":269,"column":2},"end":{"line":269,"column":17}},"115":{"start":{"line":273,"column":2},"end":{"line":273,"column":71}},"116":{"start":{"line":274,"column":2},"end":{"line":274,"column":20}},"117":{"start":{"line":276,"column":2},"end":{"line":285,"column":5}},"118":{"start":{"line":277,"column":4},"end":{"line":284,"column":5}},"119":{"start":{"line":278,"column":6},"end":{"line":278,"column":133}},"120":{"start":{"line":279,"column":6},"end":{"line":282,"column":7}},"121":{"start":{"line":280,"column":8},"end":{"line":280,"column":83}},"122":{"start":{"line":281,"column":8},"end":{"line":281,"column":68}},"123":{"start":{"line":283,"column":6},"end":{"line":283,"column":24}},"124":{"start":{"line":287,"column":2},"end":{"line":287,"column":17}},"125":{"start":{"line":291,"column":2},"end":{"line":291,"column":68}},"126":{"start":{"line":294,"column":0},"end":{"line":298,"column":2}}},"fnMap":{"0":{"name":"generateConsultationReport","decl":{"start":{"line":18,"column":15},"end":{"line":18,"column":41}},"loc":{"start":{"line":18,"column":85},"end":{"line":102,"column":1}},"line":18},"1":{"name":"(anonymous_1)","decl":{"start":{"line":55,"column":35},"end":{"line":55,"column":36}},"loc":{"start":{"line":55,"column":48},"end":{"line":59,"column":5}},"line":55},"2":{"name":"(anonymous_2)","decl":{"start":{"line":56,"column":20},"end":{"line":56,"column":21}},"loc":{"start":{"line":56,"column":26},"end":{"line":58,"column":7}},"line":56},"3":{"name":"generateAISummary","decl":{"start":{"line":110,"column":15},"end":{"line":110,"column":32}},"loc":{"start":{"line":110,"column":65},"end":{"line":139,"column":1}},"line":110},"4":{"name":"formatMetricsForReport","decl":{"start":{"line":146,"column":9},"end":{"line":146,"column":31}},"loc":{"start":{"line":146,"column":41},"end":{"line":164,"column":1}},"line":146},"5":{"name":"(anonymous_5)","decl":{"start":{"line":147,"column":21},"end":{"line":147,"column":22}},"loc":{"start":{"line":147,"column":31},"end":{"line":163,"column":3}},"line":147},"6":{"name":"addDemographicsSection","decl":{"start":{"line":168,"column":9},"end":{"line":168,"column":31}},"loc":{"start":{"line":168,"column":72},"end":{"line":187,"column":1}},"line":168},"7":{"name":"addSymptomsSection","decl":{"start":{"line":189,"column":9},"end":{"line":189,"column":27}},"loc":{"start":{"line":189,"column":43},"end":{"line":194,"column":1}},"line":189},"8":{"name":"addDiagnosesSection","decl":{"start":{"line":196,"column":9},"end":{"line":196,"column":28}},"loc":{"start":{"line":196,"column":45},"end":{"line":201,"column":1}},"line":196},"9":{"name":"addMetricsSection","decl":{"start":{"line":203,"column":9},"end":{"line":203,"column":26}},"loc":{"start":{"line":203,"column":56},"end":{"line":235,"column":1}},"line":203},"10":{"name":"(anonymous_10)","decl":{"start":{"line":217,"column":18},"end":{"line":217,"column":19}},"loc":{"start":{"line":217,"column":33},"end":{"line":220,"column":3}},"line":217},"11":{"name":"(anonymous_11)","decl":{"start":{"line":225,"column":20},"end":{"line":225,"column":21}},"loc":{"start":{"line":225,"column":27},"end":{"line":232,"column":3}},"line":225},"12":{"name":"(anonymous_12)","decl":{"start":{"line":227,"column":16},"end":{"li
[...]
:{"line":179,"column":73}},"type":"binary-expr","locations":[{"start":{"line":179,"column":6},"end":{"line":179,"column":21}},{"start":{"line":179,"column":25},"end":{"line":179,"column":39}},{"start":{"line":179,"column":44},"end":{"line":179,"column":54}},{"start":{"line":179,"column":58},"end":{"line":179,"column":72}}],"line":179},"22":{"loc":{"start":{"line":188,"column":2},"end":{"line":190,"column":3}},"type":"if","locations":[{"start":{"line":188,"column":2},"end":{"line":190,"column":3}},{"start":{},"end":{}}],"line":188},"23":{"loc":{"start":{"line":188,"column":6},"end":{"line":188,"column":93}},"type":"binary-expr","locations":[{"start":{"line":188,"column":6},"end":{"line":188,"column":20}},{"start":{"line":188,"column":24},"end":{"line":188,"column":38}},{"start":{"line":188,"column":43},"end":{"line":188,"column":53}},{"start":{"line":188,"column":58},"end":{"line":188,"column":73}},{"start":{"line":188,"column":77},"end":{"line":188,"column":91}}],"line":188},"24":{"loc":{"start":{"line":202,"column":17},"end":{"line":202,"column":35}},"type":"binary-expr","locations":[{"start":{"line":202,"column":17},"end":{"line":202,"column":30}},{"start":{"line":202,"column":34},"end":{"line":202,"column":35}}],"line":202},"25":{"loc":{"start":{"line":203,"column":17},"end":{"line":203,"column":35}},"type":"binary-expr","locations":[{"start":{"line":203,"column":17},"end":{"line":203,"column":30}},{"start":{"line":203,"column":34},"end":{"line":203,"column":35}}],"line":203},"26":{"loc":{"start":{"line":209,"column":4},"end":{"line":218,"column":5}},"type":"if","locations":[{"start":{"line":209,"column":4},"end":{"line":218,"column":5}},{"start":{},"end":{}}],"line":209},"27":{"loc":{"start":{"line":209,"column":8},"end":{"line":209,"column":58}},"type":"binary-expr","locations":[{"start":{"line":209,"column":8},"end":{"line":209,"column":31}},{"start":{"line":209,"column":35},"end":{"line":209,"column":58}}],"line":209},"28":{"loc":{"start":{"line":210,"column":6},"end":{"line":217,"column":7}},"type":"if","locations":[{"start":{"line":210,"column":6},"end":{"line":217,"column":7}},{"start":{},"end":{}}],"line":210},"29":{"loc":{"start":{"line":210,"column":10},"end":{"line":210,"column":74}},"type":"binary-expr","locations":[{"start":{"line":210,"column":10},"end":{"line":210,"column":28}},{"start":{"line":210,"column":33},"end":{"line":210,"column":51}},{"start":{"line":210,"column":55},"end":{"line":210,"column":73}}],"line":210},"30":{"loc":{"start":{"line":211,"column":25},"end":{"line":211,"column":91}},"type":"binary-expr","locations":[{"start":{"line":211,"column":25},"end":{"line":211,"column":43}},{"start":{"line":211,"column":47},"end":{"line":211,"column":68}},{"start":{"line":211,"column":72},"end":{"line":211,"column":91}}],"line":211},"31":{"loc":{"start":{"line":214,"column":20},"end":{"line":214,"column":69}},"type":"cond-expr","locations":[{"start":{"line":214,"column":31},"end":{"line":214,"column":39}},{"start":{"line":214,"column":42},"end":{"line":214,"column":69}}],"line":214},"32":{"loc":{"start":{"line":215,"column":19},"end":{"line":215,"column":89}},"type":"cond-expr","locations":[{"start":{"line":215,"column":30},"end":{"line":215,"column":32}},{"start":{"line":215,"column":35},"end":{"line":215,"column":89}}],"line":215},"33":{"loc":{"start":{"line":238,"column":9},"end":{"line":238,"column":39}},"type":"binary-expr","locations":[{"start":{"line":238,"column":9},"end":{"line":238,"column":27}},{"start":{"line":238,"column":31},"end":{"line":238,"column":39}}],"line":238}},"s":{"0":3,"1":0,"2":0,"3":0,"4":0,"5":0,"6":0,"7":0,"8":0,"9":0,"10":0,"11":0,"12":0,"13":0,"14":0,"15":0,"16":0,"17":0,"18":0,"19":0,"20":0,"21":0,"22":0,"23":0,"24":0,"25":0,"26":0,"27":0,"28":0,"29":0,"30":0,"31":0,"32":0,"33":0,"34":0,"35":0,"36":0,"37":0,"38":0,"39":0,"40":0,"41":0,"42":0,"43":0,"44":3},"f":{"0":0,"1":0,"2":0,"3":0,"4":0},"b":{"0":[0],"1":[0],"2":[0,0],"3":[0,0],"4":[0,0],"5":[0,0],"6":[0,0],"7":[0,0],"8":[0,0,0],"9":[0,0],"10":[0,0],"11":[0,0],"12":[0,0],"13":[0,0],"14":[0,0],"15":[0,0,0],"16":[0,0],"17":[0,0,0],"18":[0,0],"19":[0,0,0],"20":[0,0],"21":[0,0,0,0],"22":[0,0],"23":[0,0,0,0,0],"24":[0,0],"25":[0,0],"26":[0,0],"27":[0,0],"28":[0,0],"29":[0,0,0],"30":[0,0,0],"31":[0,0],"32":[0,0],"33":[0,0]},"_coverageSchema":"1a1c01bbd47fc00a2c39e90264f33305004495a9","hash":"5e312f2fa64e018b8efcf729236a3465e9505128"}
,"D:\\my stuff\\publish to gethup\\Health.AI\\backend\\src\\utils\\medicalKnowledgeBase.js": {"path":"D:\\my stuff\\publish to gethup\\Health.AI\\backend\\src\\utils\\medicalKnowledgeBase.js","statementMap":{"0":{"start":{"line":29,"column":19},"end":{"line":145,"column":1}},"1":{"start":{"line":152,"column":12},"end":{"line":152,"column":31}},"2":{"start":{"line":153,"column":17},"end":{"line":165,"column":4}},"3":{"start":{"line":154,"column":16},"end":{"line":154,"column":17}},"4":{"start":{"line":156,"column":4},"end":{"line":156,"column":70}},"5":{"start":{"line":156,"column":34},"end":{"line":156,"column":66}},"6":{"start":{"line":156,"column":55},"end":{"line":156,"column":66}},"7":{"start":{"line":158,"column":4},"end":{"line":158,"column":60}},"8":{"start":{"line":158,"column":49},"end":{"line":158,"column":60}},"9":{"start":{"line":160,"column":18},"end":{"line":160,"column":32}},"10":{"start":{"line":161,"column":4},"end":{"line":161,"column":112}},"11":{"start":{"line":161,"column":28},"end":{"line":161,"column":108}},"12":{"start":{"line":161,"column":97},"end":{"line":161,"column":108}},"13":{"start":{"line":163,"column":4},"end":{"line":163,"column":50}},"14":{"start":{"line":163,"column":39},"end":{"line":163,"column":50}},"15":{"start":{"line":164,"column":4},"end":{"line":164,"column":30}},"16":{"start":{"line":167,"column":2},"end":{"line":171,"column":25}},"17":{"start":{"line":168,"column":17},"end":{"line":168,"column":28}},"18":{"start":{"line":169,"column":20},"end":{"line":169,"column":37}},"19":{"start":{"line":171,"column":14},"end":{"line":171,"column":23}},"20":{"start":{"line":179,"column":18},"end":{"line":179,"column":46}},"21":{"start":{"line":181,"column":23},"end":{"line":185,"column":244}},"22":{"start":{"line":187,"column":22},"end":{"line":189,"column":8}},"23":{"start":{"line":188,"column":59},"end":{"line":188,"column":87}},"24":{"start":{"line":191,"column":2},"end":{"line":191,"column":94}},"25":{"start":{"line":191,"column":83},"end":{"line":191,"column":90}},"26":{"start":{"line":194,"column":0},"end":{"line":194,"column":65}}},"fnMap":{"0":{"name":"retrieveContext","decl":{"start":{"line":151,"column":9},"end":{"line":151,"column":24}},"loc":{"start":{"line":151,"column":42},"end":{"line":172,"column":1}},"line":151},"1":{"name":"(anonymous_1)","decl":{"start":{"line":153,"column":32},"end":{"line":153,"column":33}},"loc":{"start":{"line":153,"column":43},"end":{"line":165,"column":3}},"line":153},"2":{"name":"(anonymous_2)","decl":{"start":{"line":156,"column":25},"end":{"line":156,"column":26}},"loc":{"start":{"line":156,"column":32},"end":{"line":156,"column":68}},"line":156},"3":{"name":"(anonymous_3)","decl":{"start":{"line":161,"column":18},"end":{"line":161,"column":19}},"loc":{"start":{"line":161,"column":26},"end":{"line":161,"column":110}},"line":161},"4":{"name":"(anonymous_4)","decl":{"start":{"line":168,"column":12},"end":{"line":168,"column":13}},"loc":{"start":{"line":168,"column":17},"end":{"line":168,"column":28}},"line":168},"5":{"name":"(anonymous_5)","decl":{"start":{"line":169,"column":10},"end":{"line":169,"column":11}},"loc":{"start":{"line":169,"column":20},"end":{"line":169,"column":37}},"line":169},"6":{"name":"(anonymous_6)","decl":{"start":{"line":171,"column":9},"end":{"line":171,"column":10}},"loc":{"start":{"line":171,"column":14},"end":{"line":171,"column":23}},"line":171},"7":{"name":"buildRAGPrompt","decl":{"start":{"line":178,"column":9},"end":{"line":178,"column":23}},"loc":{"start":{"line":178,"column":54},"end":{"line":192,"column":1}},"line":178},"8":{"name":"(anonymous_8)","decl":{"start":{"line":188,"column":54},"end":{"line":188,"column":55}},"loc":{"start":{"line":188,"column":59},"end":{"line":188,"column":87}},"line":188},"9":{"name":"(anonymous_9)","decl":{"start":{"line":191,"column":78},"end":{"line":191,"column":79}},"loc":{"start":{"line":191,"column":83},"end":{"line":191,"column":90}},"line":191}},"branchMap":{"0":{"loc":{"start":{"line":151,"column":32},"end":{"line":151,"column":40}},"type":"default-arg","locations":[{"start":{"line":151,"column":39},"end":{"line":151,"column":40}}],"line":151},"1":{"loc":{"start":{"line":156,"column":34},"end":{"line":156,"column":66}},"type":"if","locations":[{"start":{"line":156,"column":34},"end":{"line":156,"column":66}},{"start":{},"end":{}}],"line":156},"2":{"loc":{"start":{"line":158,"column":4},"end":{"line":158,"column":60}},"type":"if","locations":[{"start":{"line":158,"column":4},"end":{"line":158,"column":60}},{"start":{},"end":{}}],"line":158},"3":{"loc":{"start":{"line":161,"column":28},"end":{"line":161,"column":108}},"type":"if","locations":[{"start":{"line":161,"column":28},"end":{"line":161,"column":108}},{"start":{},"end":{}}],"line":161},"4":{"loc":{"start":{"line":161,"column":32},"end":{"line":161,"column":95}},"type":"binary-expr","locations":[{"start":{"line":161,"column":32},"end":{"line":161,"column":47}},{"start":{"line":161,"column":51},"end":{"line":161,"column":95}}],"line":161},"5":{"loc":{"start":{"line":163,"column":4},"end":{"line":163,"column":50}},"type":"if","locations":[{"start":{"line":163,"column":4},"end":{"line":163,"column":50}},{"start":{},"end":{}}],"line":163},"6":{"loc":{"start":{"line":178,"column":37},"end":{"line":178,"column":52}},"type":"default-arg","locations":[{"start":{"line":178,"column":48},"end":{"line":178,"column":52}}],"line":178},"7":{"loc":{"start":{"line":181,"column":23},"end":{"line":185,"column":244}},"type":"cond-expr","locations":[{"start":{"line":182,"column":6},"end":{"line":182,"column":122}},{"start":{"line":183,"column":6},"end":{"line":185,"column":244}}],"line":181},"8":{"loc":{"start":{"line":183,"column":6},"end":{"line":185,"column":244}},"type":"cond-expr","locations":[{"start":{"line":184,"column":6},"end":{"line":184,"column":200}},{"start":{"line":185,"column":6},"end":{"line":185,"column":244}}],"line":183},"9":{"loc":{"start":{"line":187,"column":22},"end":{"line":189,"column":8}},"type":"cond-expr","locations":[{"start":{"line":188,"column":6},"end":{"line":188,"column":103}},{"start":{"line":189,"column":6},"end":{"line":189,"column":8}}],"line":187}},"s":{"0":1,"1":0,"2":0,"3":0,"4":0,"5":0,"6":0,"7":0,"8":0,"9":0,"10":0,"11":0,"12":0,"13":0,"14":0,"15":0,"16":0,"17":0,"18":0,"19":0,"20":0,"21":0,"22":0,"23":0,"24":0,"25":0,"26":1},"f":{"0":0,"1":0,"2":0,"3":0,"4":0,"5":0,"6":0,"7":0,"8":0,"9":0},"b":{"0":[0],"1":[0,0],"2":[0,0],"3":[0,0],"4":[0,0],"5":[0,0],"6":[0],"7":[0,0],"8":[0,0],"9":[0,0]},"_coverageSchema":"1a1c01bbd47fc00a2c39e90264f33305004495a9","hash":"d0a1ef549e2c3989e3fd63733fcf732015aa7a3f"}
,"D:\\my stuff\\publish to gethup\\Health.AI\\backend\\src\\utils\\ragEngine.js": {"path":"D:\\my stuff\\publish to gethup\\Health.AI\\backend\\src\\utils\\ragEngine.js","statementMap":{"0":{"start":{"line":20,"column":57},"end":{"line":20,"column":90}},"1":{"start":{"line":22,"column":21},"end":{"line":22,"column":25}},"2":{"start":{"line":23,"column":22},"end":{"line":23,"column":26}},"3":{"start":{"line":24,"column":22},"end":{"line":24,"column":26}},"4":{"start":{"line":25,"column":22},"end":{"line":25,"column":27}},"5":{"start":{"line":29,"column":2},"end":{"line":29,"column":28}},"6":{"start":{"line":29,"column":16},"end":{"line":29,"column":28}},"7":{"start":{"line":31,"column":22},"end":{"line":31,"column":80}},"8":{"start":{"line":32,"column":22},"end":{"line":32,"column":103}},"9":{"start":{"line":34,"column":2},"end":{"line":37,"column":3}},"10":{"start":{"line":35,"column":4},"end":{"line":35,"column":81}},"11":{"start":{"line":36,"column":4},"end":{"line":36,"column":17}},"12":{"start":{"line":39,"column":2},"end":{"line":56,"column":3}},"13":{"start":{"line":40,"column":31},"end":{"line":40,"column":69}},"14":{"start":{"line":41,"column":33},"end":{"line":41,"column":61}},"15":{"start":{"line":43,"column":4},"end":{"line":43,"column":76}},"16":{"start":{"line":44,"column":4},"end":{"line":44,"column":70}},"17":{"start":{"line":45,"column":4},"end":{"line":48,"column":7}},"18":{"start":{"line":50,"column":4},"end":{"line":50,"column":20}},"19":{"start":{"line":51,"column":4},"end":{"line":51,"column":56}},"20":{"start":{"line":52,"column":4},"end":{"line":52,"column":16}},"21":{"start":{"line":54,"column":4},"end":{"line":54,"column":76}},"22":{"start":{"line":55,"column":4},"end":{"line":55,"column":17}},"23":{"start":{"line":61,"column":2},"end":{"line":83,"column":3}},"24":{"start":{"line":62,"column":27},"end":{"line":62,"column":61}},"25":{"start":{"line":63,"column":20},"end":{"line":67,"column":6}},"26":{"start":{"line":69,"column":4},"end":{"line":79,"column":10}},"27":{"start":{"line":70,"column":19},"end":{"line":70,"column":32}},"28":{"start":{"line":71,"column":17},"end":{"line":79,"column":7}},"29":{"start":{"line":81,"column":4},"end":{"line":81,"column":86}},"30":{"start":{"line":82,"column":4},"end":{"line":82,"column":16}},"31":{"start":{"line":88,"column":16},"end":{"line":88,"column":31}},"32":{"start":{"line":90,"column":2},"end":{"line":93,"column":3}},"33":{"start":{"line":91,"column":20},"end":{"line":91,"column":51}},"34":{"start":{"line":92,"column":4},"end":{"line":92,"column":54}},"35":{"start":{"line":92,"column":39},"end":{"line":92,"column":54}},"36":{"start":{"line":96,"column":2},"end":{"line":96,"column":38}},"37":{"start":{"line":101,"column":18},"end":{"line":101,"column":60}},"38":{"start":{"line":103,"column":23},"end":{"line":107,"column":318}},"39":{"start":{"line":109,"column":22},"end":{"line":111,"column":109}},"40":{"start":{"line":110,"column":79},"end":{"line":110,"column":121}},"41":{"start":{"line":113,"column":2},"end":{"line":117,"column":4}},"42":{"start":{"line":115,"column":35},"end":{"line":115,"column":87}},"43":{"start":{"line":120,"column":0},"end":{"line":120,"column":78}}},"fnMap":{"0":{"name":"initRAG","decl":{"start":{"line":28,"column":15},"end":{"line":28,"column":22}},"loc":{"start":{"line":28,"column":25},"end":{"line":57,"column":1}},"line":28},"1":{"name":"vectorSearch","decl":{"start":{"line":60,"column":15},"end":{"line":60,"column":27}},"loc":{"start":{"line":60,"column":45},"end":{"line":84,"column":1}},"line":60},"2":{"name":"(anonymous_2)","decl":{"start":{"line":70,"column":14},"end":{"line":70,"column":15}},"loc":{"start":{"line":70,"column":19},"end":{"line":70,"column":32}},"line":70},"3":{"name":"(anonymous_3)","decl":{"start":{"line":71,"column":11},"end":{"line":71,"column":12}},"loc":{"start":{"line":71,"column":17},"end":{"line":79,"column":7}},"line":71},"4":{"name":"retrieveContextSemantic","decl":{"start":{"line":87,"column":15},"end":{"line":87,"column":38}},"loc":{"start":{"line":87,"column":56},"end":{"line":97,"column":1}},"line":87},"5":{"name":"buildRAGPromptSemantic","decl":{"start":{"line":100,"column":15},"end":{"line":100,"column":37}},"loc":{"start":{"line":100,"column":68},"end":{"line":118,"column":1}},"line":100},"6":{"name":"(anonymous_6)","decl":{"start":{"line":110,"column":74},"end":{"line":110,"column":75}},"loc":{"start":{"line":110,"column":79},"end":{"line":110,"column":121}},"line":110},"7":{"name":"(anonymous_7)","decl":{"start":{"line":115,"column":29},"end":{"line":115,"column":30}},"loc":{"start":{"line":115,"column":35},"end":{"line":115,"column":87}},"line":115}},"branchMap":{"0":{"loc":{"start":{"line":29,"column":2},"end":{"line":29,"column":28}},"type":"if","locations":[{"start":{"line":29,"column":2},"end":{"line":29,"column":28}},{"start":{},"end":{}}],"line":29},"1":{"loc":{"start":{"line":31,"column":22},"end":{"line":31,"column":80}},"type":"binary-expr","locations":[{"start":{"line":31,"column":22},"end":{"line":31,"column":50}},{"start":{"line":31,"column":54},"end":{"line":31,"column":80}}],"line":31},"2":{"loc":{"start":{"line":32,"column":22},"end":{"line":32,"column":103}},"type":"binary-expr","locations":[{"start":{"line":32,"column":22},"end":{"line":32,"column":48}},{"start":{"line":32,"column":52},"end":{"line":32,"column":103}}],"line":32},"3":{"loc":{"start":{"line":34,"column":2},"end":{"line":37,"column":3}},"type":"if","locations":[{"start":{"line":34,"column":2},"end":{"line":37,"column":3}},{"start":{},"end":{}}],"line":34},"4":{"loc":{"start":{"line":34,"column":6},"end":{"line":34,"column":32}},"type":"binary-expr","locations":[{"start":{"line":34,"column":6},"end":{"line":34,"column":18}},{"start":{"line":34,"column":22},"end":{"line":34,"column":32}}],"line":34},"5":{"loc":{"start":{"line":60,"column":35},"end":{"line":60,"column":43}},"type":"default-arg","locations":[{"start":{"line":60,"column":42},"end":{"line":60,"column":43}}],"line":60},"6":{"loc":{"start":{"line":77,"column":18},"end":{"line":77,"column":68}},"type":"cond-expr","locations":[{"start":{"line":77,"column":36},"end":{"line":77,"column":63}},{"start":{"line":77,"column":66},"end":{"line":77,"column":68}}],"line":77},"7":{"loc":{"start":{"line":87,"column":46},"end":{"line":87,"column":54}},"type":"default-arg","locations":[{"start":{"line":87,"column":53},"end":{"line":87,"column":54}}],"line":87},"8":{"loc":{"start":{"line":90,"column":2},"end":{"line":93,"column":3}},"type":"if","locations":[{"start":{"line":90,"column":2},"end":{"line":93,"column":3}},{"start":{},"end":{}}],"line":90},"9":{"loc":{"start":{"line":92,"column":4},"end":{"line":92,"column":54}},"type":"if","locations":[{"start":{"line":92,"column":4},"end":{"line":92,"column":54}},{"start":{},"end":{}}],"line":92},"10":{"loc":{"start":{"line":92,"column":8},"end":{"line":92,"column":37}},"type":"binary-expr","locations":[{"start":{"line":92,"column":8},"end":{"line":92,"column":15}},{"start":{"line":92,"column":19},"end":{"line":92,"column":37}}],"line":92},"11":{"loc":{"start":{"line":100,"column":51},"end":{"line":100,"column":66}},"type":"default-arg","locations":[{"start":{"line":100,"column":62},"end":{"line":100,"column":66}}],"line":100},"12":{"loc":{"start":{"line":103,"column":23},"end":{"line":107,"column":318}},"type":"cond-expr","locations":[{"start":{"line":104,"column":6},"end":{"line":104,"column":150}},{"start":{"line":105,"column":6},"end":{"line":107,"column":318}}],"line":103},"13":{"loc":{"start":{"line":105,"column":6},"end":{"line":107,"column":318}},"type":"cond-expr","locations":[{"start":{"line":106,"column":6},"end":{"line":106,"column":250}},{"start":{"line":107,"column":6},"end":{"line":107,"column":318}}],"line":105},"14":{"loc":{"start":{"line":109,"column":22},"end":{"line":111,"column":109}},"type":"cond-expr","locations":[{"start":{"line":110,"column":6},"end":{"line":110,"column":137}},{"start":{"line":111,"column":6},"end":{"line":111,"column":109}}],"line":109},"15":{"loc":{"start":{"line":116,"column":12},"end":{"line":116,"column":43}},"type":"cond-expr","locations":[{"start":{"line":116,"column":23},"end":{"line":116,"column":31}},{"start":{"line":116,"column":34},"end":{"line":116,"column":43}}],"line":116}},"s":{"0":1,"1":1,"2":1,"3":1,"4":1,"5":0,"6":0,"7":0,"8":0,"9":0,"10":0,"11":0,"12":0,"13":0,"14":0,"15":0,"16":0,"17":0,"18":0,"19":0,"20":0,"21":0,"22":0,"23":0,"24":0,"25":0,"26":0,"27":0,"28":0,"29":0,"30":0,"31":0,"32":0,"33":0,"34":0,"35":0,"36":0,"37":0,"38":0,"39":0,"40":0,"41":0,"42":0,"43":1},"f":{"0":0,"1":0,"2":0,"3":0,"4":0,"5":0,"6":0,"7":0},"b":{"0":[0,0],"1":[0,0],"2":[0,0],"3":[0,0],"4":[0,0],"5":[0],"6":[0,0],"7":[0],"8":[0,0],"9":[0,0],"10":[0,0],"11":[0],"12":[0,0],"13":[0,0],"14":[0,0],"15":[0,0]},"_coverageSchema":"1a1c01bbd47fc00a2c39e90264f33305004495a9","hash":"922ee2b586cc87c8828a5405afd623db15667111"}
}
