TN:
SF:src\controllers\chat.controller.js
FN:14,getRAGResponse
FN:24,(anonymous_1)
FN:68,(anonymous_2)
FN:80,(anonymous_3)
FN:95,(anonymous_4)
FN:106,(anonymous_5)
FN:129,(anonymous_6)
FN:148,(anonymous_7)
FN:197,(anonymous_8)
FN:207,(anonymous_9)
FN:213,(anonymous_10)
FN:214,(anonymous_11)
FN:218,(anonymous_12)
FN:223,(anonymous_13)
FN:235,(anonymous_14)
FN:241,(anonymous_15)
FNF:16
FNH:0
FNDA:0,getRAGResponse
FNDA:0,(anonymous_1)
FNDA:0,(anonymous_2)
FNDA:0,(anonymous_3)
FNDA:0,(anonymous_4)
FNDA:0,(anonymous_5)
FNDA:0,(anonymous_6)
FNDA:0,(anonymous_7)
FNDA:0,(anonymous_8)
FNDA:0,(anonymous_9)
FNDA:0,(anonymous_10)
FNDA:0,(anonymous_11)
FNDA:0,(anonymous_12)
FNDA:0,(anonymous_13)
FNDA:0,(anonymous_14)
FNDA:0,(anonymous_15)
DA:1,1
DA:2,1
DA:5,1
DA:6,1
DA:7,1
DA:8,1
DA:9,0
DA:10,0
DA:15,0
DA:18,0
DA:22,0
DA:24,0
DA:30,0
DA:36,0
DA:43,1
DA:68,1
DA:69,0
DA:70,0
DA:73,0
DA:75,0
DA:80,1
DA:81,0
DA:82,0
DA:88,0
DA:90,0
DA:95,1
DA:96,0
DA:97,0
DA:98,0
DA:99,0
DA:101,0
DA:106,1
DA:107,0
DA:108,0
DA:109,0
DA:111,0
DA:112,0
DA:114,0
DA:115,0
DA:117,0
DA:118,0
DA:122,0
DA:123,0
DA:129,0
DA:130,0
DA:135,0
DA:136,0
DA:137,0
DA:141,0
DA:142,0
DA:143,0
DA:144,0
DA:145,0
DA:148,0
DA:150,0
DA:157,0
DA:158,0
DA:159,0
DA:160,0
DA:163,0
DA:166,0
DA:170,0
DA:173,0
DA:177,0
DA:178,0
DA:179,0
DA:182,0
DA:183,0
DA:186,0
DA:187,0
DA:188,0
DA:190,0
DA:192,0
DA:197,1
DA:198,0
DA:199,0
DA:200,0
DA:202,0
DA:207,1
DA:208,0
DA:209,0
DA:210,0
DA:211,0
DA:212,0
DA:213,0
DA:214,0
DA:217,0
DA:218,0
DA:219,0
DA:220,0
DA:222,0
DA:223,0
DA:228,0
DA:230,0
DA:235,1
DA:236,0
DA:237,0
DA:238,0
DA:239,0
DA:240,0
DA:241,0
DA:249,0
LF:102
LH:14
BRDA:8,0,0,0
BRDA:8,0,1,1
BRDA:8,1,0,1
BRDA:8,1,1,0
BRDA:14,2,0,0
BRDA:18,3,0,0
BRDA:18,3,1,0
BRDA:25,4,0,0
BRDA:25,4,1,0
BRDA:84,5,0,0
BRDA:84,5,1,0
BRDA:85,6,0,0
BRDA:85,6,1,0
BRDA:98,7,0,0
BRDA:98,7,1,0
BRDA:109,8,0,0
BRDA:109,8,1,0
BRDA:112,9,0,0
BRDA:112,9,1,0
BRDA:117,10,0,0
BRDA:117,10,1,0
BRDA:118,11,0,0
BRDA:118,11,1,0
BRDA:129,12,0,0
BRDA:129,12,1,0
BRDA:142,13,0,0
BRDA:142,13,1,0
BRDA:142,14,0,0
BRDA:142,14,1,0
BRDA:157,15,0,0
BRDA:157,15,1,0
BRDA:163,16,0,0
BRDA:163,16,1,0
BRDA:163,17,0,0
BRDA:163,17,1,0
BRDA:163,17,2,0
BRDA:170,18,0,0
BRDA:170,18,1,0
BRDA:170,19,0,0
BRDA:170,19,1,0
BRDA:170,19,2,0
BRDA:178,20,0,0
BRDA:178,20,1,0
BRDA:182,21,0,0
BRDA:182,21,1,0
BRDA:219,22,0,0
BRDA:219,22,1,0
BRDA:220,23,0,0
BRDA:220,23,1,0
BRDA:224,24,0,0
BRDA:224,24,1,0
BRDA:238,25,0,0
BRDA:238,25,1,0
BRDA:239,26,0,0
BRDA:239,26,1,0
BRF:55
BRH:2
end_of_record
TN:
SF:src\controllers\health-metric.controller.js
FN:4,(anonymous_0)
FN:16,(anonymous_1)
FN:26,(anonymous_2)
FN:36,(anonymous_3)
FN:64,(anonymous_4)
FN:177,(anonymous_5)
FN:223,(anonymous_6)
FN:252,(anonymous_7)
FN:298,(anonymous_8)
FN:371,(anonymous_9)
FN:376,(anonymous_10)
FNF:11
FNH:3
FNDA:0,(anonymous_0)
FNDA:0,(anonymous_1)
FNDA:0,(anonymous_2)
FNDA:0,(anonymous_3)
FNDA:0,(anonymous_4)
FNDA:5,(anonymous_5)
FNDA:0,(anonymous_6)
FNDA:4,(anonymous_7)
FNDA:4,(anonymous_8)
FNDA:0,(anonymous_9)
FNDA:0,(anonymous_10)
DA:1,1
DA:4,1
DA:5,0
DA:6,0
DA:7,0
DA:8,0
DA:9,0
DA:11,0
DA:16,1
DA:17,0
DA:18,0
DA:19,0
DA:21,0
DA:26,1
DA:27,0
DA:28,0
DA:29,0
DA:31,0
DA:36,1
DA:37,0
DA:38,0
DA:39,0
DA:41,0
DA:42,0
DA:43,0
DA:46,0
DA:47,0
DA:50,0
DA:51,0
DA:52,0
DA:53,0
DA:54,0
DA:55,0
DA:56,0
DA:57,0
DA:58,0
DA:61,0
DA:63,0
DA:64,0
DA:65,0
DA:66,0
DA:67,0
DA:72,0
DA:73,0
DA:74,0
DA:75,0
DA:76,0
DA:77,0
DA:78,0
DA:79,0
DA:82,0
DA:83,0
DA:93,0
DA:94,0
DA:95,0
DA:96,0
DA:97,0
DA:98,0
DA:99,0
DA:100,0
DA:104,0
DA:105,0
DA:106,0
DA:107,0
DA:108,0
DA:109,0
DA:113,0
DA:114,0
DA:115,0
DA:116,0
DA:117,0
DA:118,0
DA:122,0
DA:123,0
DA:125,0
DA:126,0
DA:127,0
DA:128,0
DA:138,0
DA:139,0
DA:140,0
DA:141,0
DA:150,0
DA:151,0
DA:153,0
DA:154,0
DA:163,0
DA:165,0
DA:171,1
DA:172,1
DA:173,1
DA:177,1
DA:178,5
DA:179,5
DA:180,5
DA:184,5
DA:185,1
DA:189,4
DA:191,4
DA:192,1
DA:195,4
DA:196,1
DA:197,1
DA:198,1
DA:202,4
DA:208,4
DA:209,0
DA:212,0
DA:214,0
DA:216,0
DA:223,0
DA:224,0
DA:225,0
DA:231,0
DA:232,0
DA:233,0
DA:234,0
DA:236,0
DA:240,0
DA:245,4
DA:246,4
DA:252,1
DA:253,4
DA:254,4
DA:255,4
DA:258,4
DA:259,1
DA:263,3
DA:266,3
DA:267,3
DA:268,7
DA:269,7
DA:270,7
DA:272,0
DA:277,3
DA:278,3
DA:279,3
DA:280,3
DA:282,0
DA:286,3
DA:291,0
DA:292,0
DA:298,1
DA:299,4
DA:300,4
DA:303,4
DA:304,1
DA:308,3
DA:309,0
DA:312,0
DA:317,0
DA:318,0
DA:319,0
DA:321,0
DA:322,0
DA:326,0
DA:327,0
DA:329,0
DA:336,0
DA:337,0
DA:346,0
DA:354,0
DA:355,0
DA:356,0
DA:357,0
DA:370,0
DA:371,0
DA:372,0
DA:373,0
DA:374,0
DA:376,0
DA:377,0
DA:379,0
DA:386,3
DA:387,3
LF:175
LH:50
BRDA:7,0,0,0
BRDA:7,0,1,0
BRDA:43,1,0,0
BRDA:43,1,1,0
BRDA:50,2,0,0
BRDA:50,2,1,0
BRDA:52,3,0,0
BRDA:52,3,1,0
BRDA:53,4,0,0
BRDA:53,4,1,0
BRDA:53,5,0,0
BRDA:53,5,1,0
BRDA:55,6,0,0
BRDA:55,6,1,0
BRDA:55,7,0,0
BRDA:55,7,1,0
BRDA:57,8,0,0
BRDA:57,8,1,0
BRDA:57,9,0,0
BRDA:57,9,1,0
BRDA:63,10,0,0
BRDA:63,10,1,0
BRDA:66,11,0,0
BRDA:66,11,1,0
BRDA:66,12,0,0
BRDA:66,12,1,0
BRDA:72,13,0,0
BRDA:72,13,1,0
BRDA:74,14,0,0
BRDA:74,14,1,0
BRDA:76,15,0,0
BRDA:76,15,1,0
BRDA:78,16,0,0
BRDA:78,16,1,0
BRDA:82,17,0,0
BRDA:82,17,1,0
BRDA:82,18,0,0
BRDA:82,18,1,0
BRDA:82,18,2,0
BRDA:93,19,0,0
BRDA:93,19,1,0
BRDA:95,20,0,0
BRDA:95,20,1,0
BRDA:97,21,0,0
BRDA:97,21,1,0
BRDA:99,22,0,0
BRDA:99,22,1,0
BRDA:104,23,0,0
BRDA:104,23,1,0
BRDA:106,24,0,0
BRDA:106,24,1,0
BRDA:108,25,0,0
BRDA:108,25,1,0
BRDA:113,26,0,0
BRDA:113,26,1,0
BRDA:115,27,0,0
BRDA:115,27,1,0
BRDA:117,28,0,0
BRDA:117,28,1,0
BRDA:122,29,0,0
BRDA:122,29,1,0
BRDA:125,30,0,0
BRDA:125,30,1,0
BRDA:127,31,0,0
BRDA:127,31,1,0
BRDA:138,32,0,0
BRDA:138,32,1,0
BRDA:140,33,0,0
BRDA:140,33,1,0
BRDA:150,34,0,0
BRDA:150,34,1,0
BRDA:150,35,0,0
BRDA:150,35,1,0
BRDA:150,35,2,0
BRDA:153,36,0,0
BRDA:153,36,1,0
BRDA:153,37,0,0
BRDA:153,37,1,0
BRDA:184,38,0,1
BRDA:184,38,1,4
BRDA:184,39,0,5
BRDA:184,39,1,2
BRDA:191,40,0,1
BRDA:191,40,1,3
BRDA:195,41,0,1
BRDA:195,41,1,3
BRDA:195,42,0,4
BRDA:195,42,1,3
BRDA:197,43,0,1
BRDA:197,43,1,0
BRDA:198,44,0,1
BRDA:198,44,1,0
BRDA:209,45,0,0
BRDA:209,45,1,0
BRDA:227,46,0,0
BRDA:227,46,1,0
BRDA:231,47,0,0
BRDA:231,47,1,0
BRDA:233,48,0,0
BRDA:233,48,1,0
BRDA:255,49,0,3
BRDA:258,50,0,1
BRDA:258,50,1,3
BRDA:258,51,0,4
BRDA:258,51,1,1
BRDA:263,52,0,2
BRDA:263,52,1,1
BRDA:278,53,0,3
BRDA:278,53,1,0
BRDA:303,54,0,1
BRDA:303,54,1,3
BRDA:303,55,0,4
BRDA:303,55,1,1
BRDA:309,56,0,0
BRDA:309,56,1,0
BRDA:326,57,0,0
BRDA:326,57,1,0
BRDA:331,58,0,0
BRDA:331,58,1,0
BRDA:336,59,0,0
BRDA:336,59,1,0
BRDA:336,60,0,0
BRDA:336,60,1,0
BRDA:354,61,0,0
BRDA:354,61,1,0
BRDA:356,62,0,0
BRDA:356,62,1,0
BRDA:372,63,0,0
BRDA:372,63,1,0
BRDA:373,64,0,0
BRDA:373,64,1,0
BRDA:374,65,0,0
BRDA:374,65,1,0
BRF:133
BRH:24
end_of_record
TN:
SF:src\models\Appointment.js
FN:24,(anonymous_0)
FNF:1
FNH:0
FNDA:0,(anonymous_0)
DA:1,1
DA:3,1
DA:24,0
DA:28,1
LF:4
LH:3
BRF:0
BRH:0
end_of_record
TN:
SF:src\models\Conversation.js
FN:18,(anonymous_0)
FNF:1
FNH:0
FNDA:0,(anonymous_0)
DA:1,1
DA:3,1
DA:9,1
DA:18,0
DA:22,1
LF:5
LH:4
BRF:0
BRH:0
end_of_record
TN:
SF:src\models\Doctor.js
FN:44,(anonymous_0)
FNF:1
FNH:0
FNDA:0,(anonymous_0)
DA:1,1
DA:3,1
DA:9,1
DA:15,1
DA:44,0
DA:48,1
LF:6
LH:5
BRF:0
BRH:0
end_of_record
TN:
SF:src\models\HealthMetric.js
FN:30,(anonymous_0)
FNF:1
FNH:0
FNDA:0,(anonymous_0)
DA:1,4
DA:3,4
DA:30,0
DA:35,4
DA:36,4
DA:38,4
LF:6
LH:5
BRF:0
BRH:0
end_of_record
TN:
SF:src\models\Notification.js
FN:13,(anonymous_0)
FNF:1
FNH:0
FNDA:0,(anonymous_0)
DA:1,1
DA:3,1
DA:13,0
DA:17,1
LF:4
LH:3
BRF:0
BRH:0
end_of_record
TN:
SF:src\models\User.js
FN:29,(anonymous_0)
FN:37,(anonymous_1)
FN:43,(anonymous_2)
FNF:3
FNH:0
FNDA:0,(anonymous_0)
FNDA:0,(anonymous_1)
FNDA:0,(anonymous_2)
DA:1,4
DA:2,4
DA:4,4
DA:30,0
DA:31,0
DA:32,0
DA:37,4
DA:38,0
DA:39,0
DA:40,0
DA:43,4
DA:44,0
DA:47,4
LF:13
LH:6
BRDA:38,0,0,0
BRDA:38,0,1,0
BRF:2
BRH:0
end_of_record
TN:
SF:src\services\aiContext.service.js
FN:11,buildPatientContext
FN:93,(anonymous_1)
FN:99,(anonymous_2)
FN:105,(anonymous_3)
FN:133,formatMetricsForAI
FN:138,(anonymous_5)
FN:156,prioritizeContext
FN:158,(anonymous_7)
FNF:8
FNH:5
FNDA:4,buildPatientContext
FNDA:0,(anonymous_1)
FNDA:0,(anonymous_2)
FNDA:0,(anonymous_3)
FNDA:4,formatMetricsForAI
FNDA:3,(anonymous_5)
FNDA:3,prioritizeContext
FNDA:9,(anonymous_7)
DA:1,1
DA:2,1
DA:3,1
DA:16,4
DA:18,4
DA:20,4
DA:21,0
DA:22,0
DA:25,0
DA:30,0
DA:31,0
DA:34,0
DA:38,0
DA:41,0
DA:50,0
DA:59,0
DA:68,0
DA:69,0
DA:71,0
DA:72,0
DA:73,0
DA:74,0
DA:85,0
DA:93,0
DA:99,0
DA:105,0
DA:117,0
DA:118,0
DA:121,0
DA:123,4
DA:124,4
DA:134,4
DA:135,2
DA:138,2
DA:139,3
DA:140,3
DA:144,3
DA:147,2
DA:158,9
DA:160,3
DA:162,3
DA:163,2
DA:167,1
DA:179,1
DA:185,1
DA:186,6
DA:187,6
DA:189,6
DA:190,5
DA:191,1
DA:192,1
DA:195,6
DA:197,6
DA:198,6
DA:199,1
DA:200,1
DA:204,1
DA:207,1
LF:58
LH:35
BRDA:11,0,0,3
BRDA:13,1,0,4
BRDA:14,2,0,4
BRDA:15,3,0,3
BRDA:21,4,0,0
BRDA:21,4,1,0
BRDA:25,5,0,0
BRDA:25,5,1,0
BRDA:73,6,0,0
BRDA:73,6,1,0
BRDA:117,7,0,0
BRDA:117,7,1,0
BRDA:134,8,0,2
BRDA:134,8,1,2
BRDA:134,9,0,4
BRDA:134,9,1,3
BRDA:139,10,0,3
BRDA:139,10,1,1
BRDA:140,11,0,1
BRDA:140,11,1,2
BRDA:162,12,0,2
BRDA:162,12,1,1
BRDA:189,13,0,5
BRDA:189,13,1,1
BRDA:191,14,0,1
BRDA:191,14,1,0
BRDA:198,15,0,1
BRDA:198,15,1,5
BRF:28
BRH:19
end_of_record
TN:
SF:src\services\reportBuilder.service.js
FN:18,generateConsultationReport
FN:55,(anonymous_1)
FN:56,(anonymous_2)
FN:110,generateAISummary
FN:146,formatMetricsForReport
FN:147,(anonymous_5)
FN:168,addDemographicsSection
FN:189,addSymptomsSection
FN:196,addDiagnosesSection
FN:203,addMetricsSection
FN:217,(anonymous_10)
FN:225,(anonymous_11)
FN:227,(anonymous_12)
FN:237,addAIInsightsSection
FN:251,(anonymous_14)
FN:258,addMedicationsSection
FN:265,addFollowUpSection
FN:272,addTrendsSection
FN:276,(anonymous_18)
FN:290,shouldIncludeSection
FNF:20
FNH:4
FNDA:4,generateConsultationReport
FNDA:0,(anonymous_1)
FNDA:0,(anonymous_2)
FNDA:3,generateAISummary
FNDA:4,formatMetricsForReport
FNDA:5,(anonymous_5)
FNDA:0,addDemographicsSection
FNDA:0,addSymptomsSection
FNDA:0,addDiagnosesSection
FNDA:0,addMetricsSection
FNDA:0,(anonymous_10)
FNDA:0,(anonymous_11)
FNDA:0,(anonymous_12)
FNDA:0,addAIInsightsSection
FNDA:0,(anonymous_14)
FNDA:0,addMedicationsSection
FNDA:0,addFollowUpSection
FNDA:0,addTrendsSection
FNDA:0,(anonymous_18)
FNDA:0,shouldIncludeSection
DA:1,1
DA:2,1
DA:3,1
DA:4,1
DA:5,1
DA:7,1
DA:19,4
DA:23,4
DA:26,4
DA:27,0
DA:28,0
DA:32,0
DA:37,0
DA:46,0
DA:47,0
DA:50,0
DA:51,0
DA:53,0
DA:55,0
DA:56,0
DA:57,0
DA:62,0
DA:63,0
DA:66,0
DA:67,0
DA:70,0
DA:71,0
DA:74,0
DA:75,0
DA:78,0
DA:79,0
DA:82,0
DA:83,0
DA:86,0
DA:87,0
DA:90,0
DA:91,0
DA:95,0
DA:97,0
DA:99,4
DA:100,4
DA:111,3
DA:112,3
DA:116,3
DA:132,2
DA:134,1
DA:135,1
DA:147,4
DA:148,5
DA:149,5
DA:153,5
DA:154,5
DA:156,5
DA:169,0
DA:170,0
DA:172,0
DA:173,0
DA:174,0
DA:175,0
DA:176,0
DA:178,0
DA:179,0
DA:180,0
DA:183,0
DA:184,0
DA:185,0
DA:186,0
DA:190,0
DA:191,0
DA:192,0
DA:193,0
DA:197,0
DA:198,0
DA:199,0
DA:200,0
DA:204,0
DA:205,0
DA:207,0
DA:208,0
DA:211,0
DA:212,0
DA:213,0
DA:214,0
DA:217,0
DA:218,0
DA:219,0
DA:222,0
DA:225,0
DA:226,0
DA:227,0
DA:228,0
DA:229,0
DA:231,0
DA:234,0
DA:238,0
DA:239,0
DA:241,0
DA:242,0
DA:243,0
DA:245,0
DA:246,0
DA:247,0
DA:249,0
DA:250,0
DA:251,0
DA:252,0
DA:254,0
DA:259,0
DA:260,0
DA:261,0
DA:262,0
DA:266,0
DA:267,0
DA:268,0
DA:269,0
DA:273,0
DA:274,0
DA:276,0
DA:277,0
DA:278,0
DA:279,0
DA:280,0
DA:281,0
DA:283,0
DA:287,0
DA:291,0
DA:294,1
LF:127
LH:24
BRDA:18,0,0,3
BRDA:21,1,0,3
BRDA:22,2,0,4
BRDA:27,3,0,0
BRDA:27,3,1,0
BRDA:32,4,0,0
BRDA:32,4,1,0
BRDA:40,5,0,0
BRDA:40,5,1,0
BRDA:41,6,0,0
BRDA:41,6,1,0
BRDA:62,7,0,0
BRDA:62,7,1,0
BRDA:66,8,0,0
BRDA:66,8,1,0
BRDA:66,9,0,0
BRDA:66,9,1,0
BRDA:70,10,0,0
BRDA:70,10,1,0
BRDA:70,11,0,0
BRDA:70,11,1,0
BRDA:74,12,0,0
BRDA:74,12,1,0
BRDA:74,13,0,0
BRDA:74,13,1,0
BRDA:78,14,0,0
BRDA:78,14,1,0
BRDA:82,15,0,0
BRDA:82,15,1,0
BRDA:82,16,0,0
BRDA:82,16,1,0
BRDA:86,17,0,0
BRDA:86,17,1,0
BRDA:86,18,0,0
BRDA:86,18,1,0
BRDA:90,19,0,0
BRDA:90,19,1,0
BRDA:90,20,0,0
BRDA:90,20,1,0
BRDA:90,20,2,0
BRDA:112,21,0,2
BRDA:112,21,1,1
BRDA:113,22,0,2
BRDA:113,22,1,0
BRDA:113,23,0,2
BRDA:113,23,1,1
BRDA:113,24,0,2
BRDA:113,24,1,1
BRDA:114,25,0,1
BRDA:114,25,1,0
BRDA:114,26,0,1
BRDA:114,26,1,0
BRDA:114,27,0,1
BRDA:114,27,1,1
BRDA:114,28,0,1
BRDA:114,28,1,0
BRDA:135,29,0,1
BRDA:135,29,1,0
BRDA:149,30,0,1
BRDA:149,30,1,4
BRDA:154,31,0,4
BRDA:154,31,1,1
BRDA:173,32,0,0
BRDA:173,32,1,0
BRDA:174,33,0,0
BRDA:174,33,1,0
BRDA:175,34,0,0
BRDA:175,34,1,0
BRDA:175,34,2,0
BRDA:178,35,0,0
BRDA:178,35,1,0
BRDA:180,36,0,0
BRDA:180,36,1,0
BRDA:183,37,0,0
BRDA:183,37,1,0
BRDA:249,38,0,0
BRDA:249,38,1,0
BRDA:249,39,0,0
BRDA:249,39,1,0
BRDA:277,40,0,0
BRDA:277,40,1,0
BRDA:279,41,0,0
BRDA:279,41,1,0
BRDA:291,42,0,0
BRDA:291,42,1,0
BRF:85
BRH:20
end_of_record
TN:
SF:src\services\trendAnalysis.service.js
FN:10,analyzeTrend
FN:43,(anonymous_1)
FN:44,(anonymous_2)
FN:53,(anonymous_3)
FN:54,(anonymous_4)
FN:97,calculateLinearRegression
FN:99,(anonymous_6)
FN:100,(anonymous_7)
FN:102,(anonymous_8)
FN:103,(anonymous_9)
FN:104,(anonymous_10)
FN:105,(anonymous_11)
FN:106,(anonymous_12)
FN:113,(anonymous_13)
FN:114,(anonymous_14)
FN:129,classifyTrend
FN:152,determineClinicalSignificance
FN:184,generateAlerts
FN:221,findCorrelations
FN:279,calculateCorrelation
FN:285,(anonymous_20)
FN:286,(anonymous_21)
FN:294,(anonymous_22)
FN:295,(anonymous_23)
FN:321,assessClinicalRelevance
FNF:25
FNH:3
FNDA:5,analyzeTrend
FNDA:0,(anonymous_1)
FNDA:0,(anonymous_2)
FNDA:0,(anonymous_3)
FNDA:0,(anonymous_4)
FNDA:0,calculateLinearRegression
FNDA:0,(anonymous_6)
FNDA:0,(anonymous_7)
FNDA:0,(anonymous_8)
FNDA:0,(anonymous_9)
FNDA:0,(anonymous_10)
FNDA:0,(anonymous_11)
FNDA:0,(anonymous_12)
FNDA:0,(anonymous_13)
FNDA:0,(anonymous_14)
FNDA:0,classifyTrend
FNDA:0,determineClinicalSignificance
FNDA:4,generateAlerts
FNDA:4,findCorrelations
FNDA:0,calculateCorrelation
FNDA:0,(anonymous_20)
FNDA:0,(anonymous_21)
FNDA:0,(anonymous_22)
FNDA:0,(anonymous_23)
FNDA:0,assessClinicalRelevance
DA:1,2
DA:11,5
DA:13,5
DA:14,5
DA:15,5
DA:18,5
DA:26,0
DA:27,0
DA:37,0
DA:40,0
DA:43,0
DA:44,0
DA:45,0
DA:46,0
DA:49,0
DA:50,0
DA:51,0
DA:53,0
DA:54,0
DA:56,0
DA:59,0
DA:62,0
DA:71,0
DA:87,5
DA:88,5
DA:98,0
DA:99,0
DA:100,0
DA:102,0
DA:103,0
DA:104,0
DA:105,0
DA:106,0
DA:108,0
DA:109,0
DA:112,0
DA:113,0
DA:114,0
DA:115,0
DA:116,0
DA:118,0
DA:120,0
DA:131,0
DA:132,0
DA:136,0
DA:137,0
DA:138,0
DA:139,0
DA:141,0
DA:153,0
DA:156,0
DA:166,0
DA:168,0
DA:169,0
DA:170,0
DA:171,0
DA:172,0
DA:173,0
DA:176,0
DA:185,4
DA:188,4
DA:189,1
DA:192,3
DA:193,3
DA:196,3
DA:206,3
DA:208,3
DA:222,4
DA:223,4
DA:224,1
DA:228,3
DA:229,3
DA:230,3
DA:232,3
DA:233,3
DA:234,3
DA:242,0
DA:246,0
DA:247,0
DA:248,0
DA:249,0
DA:250,0
DA:252,0
DA:254,0
DA:255,0
DA:266,0
DA:268,3
DA:269,3
DA:280,0
DA:281,0
DA:285,0
DA:286,0
DA:288,0
DA:289,0
DA:291,0
DA:292,0
DA:294,0
DA:295,0
DA:297,0
DA:298,0
DA:299,0
DA:301,0
DA:302,0
DA:303,0
DA:304,0
DA:305,0
DA:306,0
DA:309,0
DA:311,0
DA:322,0
DA:329,0
DA:330,0
DA:332,0
DA:336,2
LF:114
LH:28
BRDA:10,0,0,0
BRDA:26,1,0,0
BRDA:26,1,1,0
BRDA:131,2,0,0
BRDA:131,2,1,0
BRDA:136,3,0,0
BRDA:136,3,1,0
BRDA:138,4,0,0
BRDA:138,4,1,0
BRDA:166,5,0,0
BRDA:166,5,1,0
BRDA:168,6,0,0
BRDA:168,6,1,0
BRDA:170,7,0,0
BRDA:170,7,1,0
BRDA:172,8,0,0
BRDA:172,8,1,0
BRDA:188,9,0,1
BRDA:188,9,1,3
BRDA:188,10,0,4
BRDA:188,10,1,3
BRDA:192,11,0,2
BRDA:192,11,1,1
BRDA:206,12,0,3
BRDA:206,12,1,0
BRDA:223,13,0,1
BRDA:223,13,1,3
BRDA:254,14,0,0
BRDA:254,14,1,0
BRDA:254,15,0,0
BRDA:254,15,1,0
BRDA:259,16,0,0
BRDA:259,16,1,0
BRDA:280,17,0,0
BRDA:280,17,1,0
BRDA:280,18,0,0
BRDA:280,18,1,0
BRDA:289,19,0,0
BRDA:289,19,1,0
BRDA:332,20,0,0
BRDA:332,20,1,0
BRDA:332,20,2,0
BRDA:333,21,0,0
BRDA:333,21,1,0
BRF:44
BRH:9
end_of_record
TN:
SF:src\utils\clinicalRanges.js
FN:102,isOutOfRange
FN:147,checkBloodPressure
FN:200,checkMultiLevelRange
FN:201,(anonymous_3)
FN:224,getSeverityFromLevel
FNF:5
FNH:0
FNDA:0,isOutOfRange
FNDA:0,checkBloodPressure
FNDA:0,checkMultiLevelRange
FNDA:0,(anonymous_3)
FNDA:0,getSeverityFromLevel
DA:1,3
DA:103,0
DA:105,0
DA:106,0
DA:110,0
DA:111,0
DA:115,0
DA:116,0
DA:117,0
DA:121,0
DA:122,0
DA:126,0
DA:127,0
DA:128,0
DA:134,0
DA:135,0
DA:141,0
DA:144,0
DA:148,0
DA:149,0
DA:152,0
DA:153,0
DA:161,0
DA:162,0
DA:170,0
DA:171,0
DA:179,0
DA:180,0
DA:188,0
DA:189,0
DA:193,0
DA:201,0
DA:202,0
DA:203,0
DA:204,0
DA:207,0
DA:208,0
DA:209,0
DA:210,0
DA:211,0
DA:212,0
DA:221,0
DA:225,0
DA:238,0
DA:241,3
LF:45
LH:2
BRDA:102,0,0,0
BRDA:102,1,0,0
BRDA:105,2,0,0
BRDA:105,2,1,0
BRDA:110,3,0,0
BRDA:110,3,1,0
BRDA:116,4,0,0
BRDA:116,4,1,0
BRDA:116,5,0,0
BRDA:116,5,1,0
BRDA:117,6,0,0
BRDA:117,6,1,0
BRDA:121,7,0,0
BRDA:121,7,1,0
BRDA:121,8,0,0
BRDA:121,8,1,0
BRDA:121,8,2,0
BRDA:126,9,0,0
BRDA:126,9,1,0
BRDA:126,10,0,0
BRDA:126,10,1,0
BRDA:127,11,0,0
BRDA:127,11,1,0
BRDA:134,12,0,0
BRDA:134,12,1,0
BRDA:134,13,0,0
BRDA:134,13,1,0
BRDA:152,14,0,0
BRDA:152,14,1,0
BRDA:152,15,0,0
BRDA:152,15,1,0
BRDA:152,15,2,0
BRDA:161,16,0,0
BRDA:161,16,1,0
BRDA:161,17,0,0
BRDA:161,17,1,0
BRDA:161,17,2,0
BRDA:170,18,0,0
BRDA:170,18,1,0
BRDA:170,19,0,0
BRDA:170,19,1,0
BRDA:170,19,2,0
BRDA:179,20,0,0
BRDA:179,20,1,0
BRDA:179,21,0,0
BRDA:179,21,1,0
BRDA:179,21,2,0
BRDA:179,21,3,0
BRDA:188,22,0,0
BRDA:188,22,1,0
BRDA:188,23,0,0
BRDA:188,23,1,0
BRDA:188,23,2,0
BRDA:188,23,3,0
BRDA:188,23,4,0
BRDA:202,24,0,0
BRDA:202,24,1,0
BRDA:203,25,0,0
BRDA:203,25,1,0
BRDA:209,26,0,0
BRDA:209,26,1,0
BRDA:209,27,0,0
BRDA:209,27,1,0
BRDA:210,28,0,0
BRDA:210,28,1,0
BRDA:210,29,0,0
BRDA:210,29,1,0
BRDA:210,29,2,0
BRDA:211,30,0,0
BRDA:211,30,1,0
BRDA:211,30,2,0
BRDA:214,31,0,0
BRDA:214,31,1,0
BRDA:215,32,0,0
BRDA:215,32,1,0
BRDA:238,33,0,0
BRDA:238,33,1,0
BRF:77
BRH:0
end_of_record
TN:
SF:src\utils\medicalKnowledgeBase.js
FN:151,retrieveContext
FN:153,(anonymous_1)
FN:156,(anonymous_2)
FN:161,(anonymous_3)
FN:168,(anonymous_4)
FN:169,(anonymous_5)
FN:171,(anonymous_6)
FN:178,buildRAGPrompt
FN:188,(anonymous_8)
FN:191,(anonymous_9)
FNF:10
FNH:0
FNDA:0,retrieveContext
FNDA:0,(anonymous_1)
FNDA:0,(anonymous_2)
FNDA:0,(anonymous_3)
FNDA:0,(anonymous_4)
FNDA:0,(anonymous_5)
FNDA:0,(anonymous_6)
FNDA:0,buildRAGPrompt
FNDA:0,(anonymous_8)
FNDA:0,(anonymous_9)
DA:29,1
DA:152,0
DA:153,0
DA:154,0
DA:156,0
DA:158,0
DA:160,0
DA:161,0
DA:163,0
DA:164,0
DA:167,0
DA:168,0
DA:169,0
DA:171,0
DA:179,0
DA:181,0
DA:187,0
DA:188,0
DA:191,0
DA:194,1
LF:20
LH:2
BRDA:151,0,0,0
BRDA:156,1,0,0
BRDA:156,1,1,0
BRDA:158,2,0,0
BRDA:158,2,1,0
BRDA:161,3,0,0
BRDA:161,3,1,0
BRDA:161,4,0,0
BRDA:161,4,1,0
BRDA:163,5,0,0
BRDA:163,5,1,0
BRDA:178,6,0,0
BRDA:181,7,0,0
BRDA:181,7,1,0
BRDA:183,8,0,0
BRDA:183,8,1,0
BRDA:187,9,0,0
BRDA:187,9,1,0
BRF:18
BRH:0
end_of_record
TN:
SF:src\utils\ragEngine.js
FN:28,initRAG
FN:60,vectorSearch
FN:70,(anonymous_2)
FN:71,(anonymous_3)
FN:87,retrieveContextSemantic
FN:100,buildRAGPromptSemantic
FN:110,(anonymous_6)
FN:115,(anonymous_7)
FNF:8
FNH:0
FNDA:0,initRAG
FNDA:0,vectorSearch
FNDA:0,(anonymous_2)
FNDA:0,(anonymous_3)
FNDA:0,retrieveContextSemantic
FNDA:0,buildRAGPromptSemantic
FNDA:0,(anonymous_6)
FNDA:0,(anonymous_7)
DA:20,1
DA:22,1
DA:23,1
DA:24,1
DA:25,1
DA:29,0
DA:31,0
DA:32,0
DA:34,0
DA:35,0
DA:36,0
DA:39,0
DA:40,0
DA:41,0
DA:43,0
DA:44,0
DA:45,0
DA:50,0
DA:51,0
DA:52,0
DA:54,0
DA:55,0
DA:61,0
DA:62,0
DA:63,0
DA:69,0
DA:70,0
DA:71,0
DA:81,0
DA:82,0
DA:88,0
DA:90,0
DA:91,0
DA:92,0
DA:96,0
DA:101,0
DA:103,0
DA:109,0
DA:110,0
DA:113,0
DA:115,0
DA:120,1
LF:42
LH:6
BRDA:29,0,0,0
BRDA:29,0,1,0
BRDA:31,1,0,0
BRDA:31,1,1,0
BRDA:32,2,0,0
BRDA:32,2,1,0
BRDA:34,3,0,0
BRDA:34,3,1,0
BRDA:34,4,0,0
BRDA:34,4,1,0
BRDA:60,5,0,0
BRDA:77,6,0,0
BRDA:77,6,1,0
BRDA:87,7,0,0
BRDA:90,8,0,0
BRDA:90,8,1,0
BRDA:92,9,0,0
BRDA:92,9,1,0
BRDA:92,10,0,0
BRDA:92,10,1,0
BRDA:100,11,0,0
BRDA:103,12,0,0
BRDA:103,12,1,0
BRDA:105,13,0,0
BRDA:105,13,1,0
BRDA:109,14,0,0
BRDA:109,14,1,0
BRDA:116,15,0,0
BRDA:116,15,1,0
BRF:29
BRH:0
end_of_record
